ROOT_DIR = /home/installs/LIBERATE192
exepath = /home/installs/LIBERATE192/tools/bin
Host : cad19 x86_64 Linux 2.6.32-696.el6.x86_64
LIBERATE Library Characterization Platform (x86_64) 
Release dev, compiled by vficcm on Tue Sep 10 06:33:00 PDT 2019


    ********************************************************************
    *   Copyright (c)  Cadence Design Systems, Inc.  2006 - 2021.      *
    *             All rights reserved.                                 *
    *                                                                  *
    *                                                                  *
    *                                                                  *
    * This program contains confidential and trade secret information  *
    * of Cadence Design Systems, Inc. and is protected by copyright    *
    * law and international treaties.  Any reproduction, use,          *
    * distribution or disclosure of this program or any portion of it, *
    * or any attempt to obtain a human-readable version of this        *
    * program, without the express, prior written consent of           *
    * Cadence Design Systems, Inc., is strictly prohibited.            *
    *                                                                  *
    *         Cadence Design Systems, Inc.                             *
    *           2655 Seely Avenue                                      *
    *           San Jose, CA 95134,  USA                               *
    *                                                                  *
    *                                                                  *
    ********************************************************************
    
    
    Copyright notices for Open Source and Third Party Tools used by this 
    software can be viewed at <cds_inst_dir>/doc/liberate/thirdpartyinfo/Notices.txt

LIBERATE started on cad19 at Fri May 21 12:03:09 2021

Command line arguments: 'char.tcl'.
ALTOSHOME set to '/home/installs/LIBERATE192'.
Server ID : T20210521120309540995S0000414
LIBERATE parameter "slew_lower_rise" set to "0.2"
LIBERATE parameter "slew_upper_rise" set to "0.8"
LIBERATE parameter "slew_lower_fall" set to "0.2"
LIBERATE parameter "slew_upper_fall" set to "0.8"
LIBERATE parameter "measure_slew_lower_rise" set to "0.2"
LIBERATE parameter "measure_slew_upper_rise" set to "0.8"
LIBERATE parameter "measure_slew_lower_fall" set to "0.2"
LIBERATE parameter "measure_slew_upper_fall" set to "0.8"
LIBERATE parameter "max_transition" set to "1.5e-08"
LIBERATE parameter "spectre_pwr" set to "0"
LIBERATE parameter "sim_duration" set to "1e-06"
LIBERATE parameter "simulator" set to "ski"
LIBERATE parameter "char_library_skip_var_list" set to ""
Start Characterizing Library at (Fri May 21 12:03:11 IST 2021)

*Info* Removing all types
*Info* Max Shared Memory Segments : 4096
*Info* No Shared Memory Segments
*Info* Max Semaphore Arrays : 128
*Info* Max Message Queues : 7577
*Info* No Message Queues
*Info* No Zombie Processes
WARNING (LIB-103): When using Spectre-SKI, runtime may significantly improve when using an extsim_model_include/define_leafcell flow.  This is needed to enable the Spectre modellib flow.
INFO (LIB-956): (read_spice): Reading file: '/home/TSMC/Desktop/UMC180/Designkits/Cadence_6.1/lowpower/liberate/example/liberate/MODELS/include_tt.sp'.
INFO (LIB-956): (read_spice): Reading file: '/home/TSMC/Desktop/UMC180/Designkits/Cadence_6.1/lowpower/liberate/example/liberate/NETLIST/INVX1.sp'.
INFO (LIB-956): (read_spice): Reading file: '/home/TSMC/Desktop/UMC180/Designkits/Cadence_6.1/lowpower/liberate/example/liberate/NETLIST/NAND2X1.sp'.
INFO (LIB-956): (read_spice): Reading file: '/home/TSMC/Desktop/UMC180/Designkits/Cadence_6.1/lowpower/liberate/example/liberate/NETLIST/NOR2X1.sp'.
INFO (LIB-956): (read_spice): Reading file: '/home/TSMC/Desktop/UMC180/Designkits/Cadence_6.1/lowpower/liberate/example/liberate/NETLIST/AND2X1.sp'.
INFO (LIB-956): (read_spice): Reading file: '/home/TSMC/Desktop/UMC180/Designkits/Cadence_6.1/lowpower/liberate/example/liberate/NETLIST/OR2X1.sp'.
INFO (LIB-956): (read_spice): Reading file: '/home/TSMC/Desktop/UMC180/Designkits/Cadence_6.1/lowpower/liberate/example/liberate/NETLIST/XOR2X1.sp'.
INFO (LIB-956): (read_spice): Reading file: '/home/TSMC/Desktop/UMC180/Designkits/Cadence_6.1/lowpower/liberate/example/liberate/NETLIST/XNOR2X1.sp'.
INFO (LIB-943): Finished reading netlist(s) at May 21 12:03:12.
INFO (LIB-711): Feature 'Virtuoso_Multi_mode_Simulation' exists in the license pool. The parameter 'spectre_use_mmsim_token_license' will be set to '1'.
INFO (LIB-1008): (char_library): This LIBERATE release was qualified with MMSIM version '' but newer version '19.1.0.396.isr8' was detected. If MMSIM-related issues are found, update to the qualified MMSIM version and re-run.
*Info* (char_library) : SKI process child signal handler enabled.

INFO (LIB-966): Using Spectre version 19.1.0.396.isr8 located at: /home/installs/SPECTRE191/tools/bin/spectre.
*Info* Use temporary directory '/home/TSMC/Desktop/UMC180/Designkits/Cadence_6.1/lowpower/liberate/example/liberate'.
LIBERATE parameter "extsim_deck_dir" defaulted to cad19:/home/TSMC/Desktop/UMC180/Designkits/Cadence_6.1/lowpower/liberate/example/liberate/decks.cad19.T20210521120309540995S0000414

*Info* : Initializing SKI environment...
Initializing Spice
*Info* Adding 2 global models to Spice.
Building library database
Processing cell: AND2X1
WARNING (LIB-519): (char_library): The pin 'in' is not defined for cell 'AND2X1'. Check the netlist and make sure it is consistent with 'define_cell' command.
WARNING (LIB-519): (char_library): The pin 'out' is not defined for cell 'AND2X1'. Check the netlist and make sure it is consistent with 'define_cell' command.
(May 21 12:03:13) Finish building module.
Processing cell: INVX1
WARNING (LIB-519): (char_library): The pin 'a' is not defined for cell 'INVX1'. Check the netlist and make sure it is consistent with 'define_cell' command.
WARNING (LIB-519): (char_library): The pin 'b' is not defined for cell 'INVX1'. Check the netlist and make sure it is consistent with 'define_cell' command.
WARNING (LIB-519): (char_library): The pin 'y' is not defined for cell 'INVX1'. Check the netlist and make sure it is consistent with 'define_cell' command.
(May 21 12:03:14) Finish building module.
INFO (LIB-501): (char_library): Cannot determine VDD for port 'in' in cell 'INVX1', use default value 0.300V.
INFO (LIB-501): (char_library): Cannot determine VDD for port 'out' in cell 'INVX1', use default value 0.300V.
*Warning* Unable to automatically determine the related_power_pin for pin "out" in cell "INVX1". Assigning to the supply referenced in the default vdd "VDD". Please check the netlist or use set_pin_vdd to avoid such warning.
*Warning* Unable to automatically determine the related_power_pin for pin "in" in cell "INVX1". Assigning to the supply referenced in the default vdd "VDD". Please check the netlist or use set_pin_vdd to avoid such warning.
Processing cell: NAND2X1
WARNING (LIB-519): (char_library): The pin 'in' is not defined for cell 'NAND2X1'. Check the netlist and make sure it is consistent with 'define_cell' command.
WARNING (LIB-519): (char_library): The pin 'out' is not defined for cell 'NAND2X1'. Check the netlist and make sure it is consistent with 'define_cell' command.
(May 21 12:03:14) Finish building module.
Processing cell: NOR2X1
WARNING (LIB-519): (char_library): The pin 'a' is not defined for cell 'NOR2X1'. Check the netlist and make sure it is consistent with 'define_cell' command.
WARNING (LIB-519): (char_library): The pin 'b' is not defined for cell 'NOR2X1'. Check the netlist and make sure it is consistent with 'define_cell' command.
WARNING (LIB-519): (char_library): The pin 'in' is not defined for cell 'NOR2X1'. Check the netlist and make sure it is consistent with 'define_cell' command.
WARNING (LIB-519): (char_library): The pin 'out' is not defined for cell 'NOR2X1'. Check the netlist and make sure it is consistent with 'define_cell' command.
(May 21 12:03:14) Finish building module.
Processing cell: OR2X1
WARNING (LIB-519): (char_library): The pin 'a' is not defined for cell 'OR2X1'. Check the netlist and make sure it is consistent with 'define_cell' command.
WARNING (LIB-519): (char_library): The pin 'b' is not defined for cell 'OR2X1'. Check the netlist and make sure it is consistent with 'define_cell' command.
WARNING (LIB-519): (char_library): The pin 'in' is not defined for cell 'OR2X1'. Check the netlist and make sure it is consistent with 'define_cell' command.
WARNING (LIB-519): (char_library): The pin 'out' is not defined for cell 'OR2X1'. Check the netlist and make sure it is consistent with 'define_cell' command.
(May 21 12:03:16) Finish building module.
*Warning* (char_library) : Cell 'OR2X1' has transistors (eg. MavD28_1_unmatched) with floating bulk(s).  Bulk nodes should either be connected to supplies or driven by other active devices.  Simulation results can be very inaccurate.
Processing cell: XNOR2X1
WARNING (LIB-519): (char_library): The pin 'a' is not defined for cell 'XNOR2X1'. Check the netlist and make sure it is consistent with 'define_cell' command.
WARNING (LIB-519): (char_library): The pin 'in' is not defined for cell 'XNOR2X1'. Check the netlist and make sure it is consistent with 'define_cell' command.
WARNING (LIB-519): (char_library): The pin 'out' is not defined for cell 'XNOR2X1'. Check the netlist and make sure it is consistent with 'define_cell' command.
(May 21 12:03:17) Finish building module.
INFO (LIB-501): (char_library): Cannot determine VDD for port 'b' in cell 'XNOR2X1', use default value 0.300V.
INFO (LIB-501): (char_library): Cannot determine VDD for port 'y' in cell 'XNOR2X1', use default value 0.300V.
Processing cell: XOR2X1
WARNING (LIB-519): (char_library): The pin 'in' is not defined for cell 'XOR2X1'. Check the netlist and make sure it is consistent with 'define_cell' command.
WARNING (LIB-519): (char_library): The pin 'out' is not defined for cell 'XOR2X1'. Check the netlist and make sure it is consistent with 'define_cell' command.
(May 21 12:03:18) Finish building module.
  MEM=514 MB
  MEM=514 MB
(May 21 12:03:30) Generating vectors: AND2X1
(May 21 12:03:30) Generating vectors: INVX1
(May 21 12:03:30) Generating vectors: NAND2X1
(May 21 12:03:30) Generating vectors: NOR2X1
(May 21 12:03:30) Generating vectors: OR2X1
(May 21 12:03:30) Generating vectors: XNOR2X1
(May 21 12:03:30) Generating vectors: XOR2X1
  MEM=516 MB

May 21 12:03:30 Thread 3: Cell=XOR2X1 (44%)     Pin=y    Related=a    combinational  rise_transition 
May 21 12:03:30 Thread 0: Cell=XOR2X1 (68%)     Pin=y    Related=b    combinational  rise_transition 
May 21 12:03:30 Thread 2: Cell=XOR2X1 (92%)     Pin=y    Related=a    combinational  fall_transition 
May 21 12:03:50 Thread 1: Cell=XOR2X1 (100%)    Pin=b    Related=     rising_edge    rise_power     
May 21 12:03:50 Thread 0: Cell=XOR2X1 (100%)    Pin=     Related=     combinational  leakage_power  
May 21 12:03:51 Thread 3: Cell=XOR2X1 (100%)    Pin=     Related=     combinational  leakage_power  
May 21 12:04:20 Thread 0: Cell=XOR2X1 (100%)    Pin=     Related=     combinational  leakage_power  
May 21 12:04:20 Thread 2: Cell=XOR2X1 (100%)    Pin=     Related=     combinational  leakage_power  
May 21 12:04:20 Thread 0: Cell=AND2X1 (18%)     Pin=y    Related=a    combinational  rise_transition 
May 21 12:04:40 Thread 1: Cell=AND2X1 (37%)     Pin=y    Related=b    combinational  rise_transition 
May 21 12:04:40 Thread 2: Cell=AND2X1 (56%)     Pin=y    Related=a    combinational  fall_transition 
Performance statistics for XOR2X1: Spectre cpu time = 1.5 seconds, total cpu time = 2.2 seconds, wall clock time = 88.0 seconds.
ERROR (LIB-54): Some output transitions did not cross both 'measure_slew_*' thresholds for arc of cell:'XOR2X1', r_pin:'a', r_pin dir:'f', pin:'y', pin dir:'r', type:'combinational rise_transition'. To debug, save and review the simulation results for deck: delay_1 using extsim_save_passed and extsim_save_failed.  Possible solutions include setting 'extsim_exclusive' to 1 and 'sim_estimate_duration' to 0 with increased 'sim_duration' as needed, and rerun.
ERROR (LIB-54): Some output transitions did not cross both 'measure_slew_*' thresholds for arc of cell:'XOR2X1', r_pin:'b', r_pin dir:'r', pin:'y', pin dir:'r', type:'combinational rise_transition'. To debug, save and review the simulation results for deck: delay_2 using extsim_save_passed and extsim_save_failed.  Possible solutions include setting 'extsim_exclusive' to 1 and 'sim_estimate_duration' to 0 with increased 'sim_duration' as needed, and rerun.
ERROR (LIB-54): Some output transitions did not cross both 'measure_slew_*' thresholds for arc of cell:'XOR2X1', r_pin:'a', r_pin dir:'r', pin:'y', pin dir:'f', type:'combinational fall_transition'. To debug, save and review the simulation results for deck: delay_3 using extsim_save_passed and extsim_save_failed.  Possible solutions include setting 'extsim_exclusive' to 1 and 'sim_estimate_duration' to 0 with increased 'sim_duration' as needed, and rerun.
May 21 12:05:00 Thread 3: Cell=AND2X1 (75%)     Pin=y    Related=b    combinational  fall_transition 
May 21 12:05:00 Thread 1: Cell=AND2X1 (81%)     Pin=a    Related=     rising_edge    rise_power     
May 21 12:05:00 Thread 2: Cell=AND2X1 (87%)     Pin=a    Related=     falling_edge   fall_power     
May 21 12:05:00 Thread 1: Cell=AND2X1 (93%)     Pin=b    Related=     rising_edge    rise_power     
May 21 12:05:09 Thread 2: Cell=AND2X1 (100%)    Pin=b    Related=     falling_edge   fall_power     
May 21 12:05:09 Thread 0: Cell=AND2X1 (100%)    Pin=     Related=     combinational  leakage_power  
May 21 12:05:09 Thread 1: Cell=AND2X1 (100%)    Pin=     Related=     combinational  leakage_power  
May 21 12:05:20 Thread 2: Cell=AND2X1 (100%)    Pin=     Related=     combinational  leakage_power  
May 21 12:05:20 Thread 3: Cell=AND2X1 (100%)    Pin=     Related=     combinational  leakage_power  
May 21 12:05:20 Thread 0: Cell=NAND2X1 (18%)    Pin=y    Related=a    combinational  rise_transition 
May 21 12:05:50 Thread 3: Cell=NAND2X1 (37%)    Pin=y    Related=b    combinational  rise_transition 
May 21 12:05:50 Thread 1: Cell=NAND2X1 (56%)    Pin=y    Related=a    combinational  fall_transition 
Performance statistics for AND2X1: Spectre cpu time = 1.1 seconds, total cpu time = 1.7 seconds, wall clock time = 69.0 seconds.
*Warning*: cell AND2X1 pin=y related_pin=a: The waveform for combinational can not reach full power rail for some slew load combinations. Please check the design and/or char option setings.
*Warning*: cell AND2X1 pin=y related_pin=b: The waveform for combinational can not reach full power rail for some slew load combinations. Please check the design and/or char option setings.
ERROR (LIB-54): Some output transitions did not cross both 'measure_slew_*' thresholds for arc of cell:'AND2X1', r_pin:'a', r_pin dir:'r', pin:'y', pin dir:'r', type:'combinational rise_transition'. To debug, save and review the simulation results for deck: delay_1 using extsim_save_passed and extsim_save_failed.  Possible solutions include setting 'extsim_exclusive' to 1 and 'sim_estimate_duration' to 0 with increased 'sim_duration' as needed, and rerun.
ERROR (LIB-54): Some output transitions did not cross both 'measure_slew_*' thresholds for arc of cell:'AND2X1', r_pin:'b', r_pin dir:'r', pin:'y', pin dir:'r', type:'combinational rise_transition'. To debug, save and review the simulation results for deck: delay_2 using extsim_save_passed and extsim_save_failed.  Possible solutions include setting 'extsim_exclusive' to 1 and 'sim_estimate_duration' to 0 with increased 'sim_duration' as needed, and rerun.
ERROR (LIB-54): Some output transitions did not cross both 'measure_slew_*' thresholds for arc of cell:'AND2X1', r_pin:'a', r_pin dir:'f', pin:'y', pin dir:'f', type:'combinational fall_transition'. To debug, save and review the simulation results for deck: delay_3 using extsim_save_passed and extsim_save_failed.  Possible solutions include setting 'extsim_exclusive' to 1 and 'sim_estimate_duration' to 0 with increased 'sim_duration' as needed, and rerun.
ERROR (LIB-54): Some output transitions did not cross both 'measure_slew_*' thresholds for arc of cell:'AND2X1', r_pin:'b', r_pin dir:'f', pin:'y', pin dir:'f', type:'combinational fall_transition'. To debug, save and review the simulation results for deck: delay_4 using extsim_save_passed and extsim_save_failed.  Possible solutions include setting 'extsim_exclusive' to 1 and 'sim_estimate_duration' to 0 with increased 'sim_duration' as needed, and rerun.
May 21 12:06:20 Thread 2: Cell=NAND2X1 (75%)    Pin=y    Related=b    combinational  fall_transition 
May 21 12:06:20 Thread 3: Cell=NAND2X1 (81%)    Pin=a    Related=     rising_edge    rise_power     
May 21 12:06:20 Thread 1: Cell=NAND2X1 (87%)    Pin=a    Related=     falling_edge   fall_power     
May 21 12:06:20 Thread 3: Cell=NAND2X1 (93%)    Pin=b    Related=     rising_edge    rise_power     
May 21 12:06:30 Thread 1: Cell=NAND2X1 (100%)   Pin=b    Related=     falling_edge   fall_power     
May 21 12:06:30 Thread 0: Cell=NAND2X1 (100%)   Pin=     Related=     combinational  leakage_power  
May 21 12:06:30 Thread 1: Cell=NAND2X1 (100%)   Pin=     Related=     combinational  leakage_power  
May 21 12:06:41 Thread 3: Cell=NAND2X1 (100%)   Pin=     Related=     combinational  leakage_power  
May 21 12:06:41 Thread 2: Cell=NAND2X1 (100%)   Pin=     Related=     combinational  leakage_power  
May 21 12:06:41 Thread 0: Cell=XNOR2X1 (0%)     Pin=     Related=     combinational  leakage_power  
May 21 12:07:10 Thread 2: Cell=XNOR2X1 (0%)     Pin=     Related=     combinational  leakage_power  
May 21 12:07:10 Thread 3: Cell=XNOR2X1 (0%)     Pin=     Related=     combinational  leakage_power  
May 21 12:07:10 Thread 0: Cell=XNOR2X1 (0%)     Pin=     Related=     combinational  leakage_power  
May 21 12:07:10 Thread 2: Cell=XNOR2X1 (50%)    Pin=b    Related=b    rising_edge    input_capacitance 
Performance statistics for NAND2X1: Spectre cpu time = 1.0 seconds, total cpu time = 1.6 seconds, wall clock time = 80.0 seconds.
ERROR (LIB-54): Some output transitions did not cross both 'measure_slew_*' thresholds for arc of cell:'NAND2X1', r_pin:'a', r_pin dir:'f', pin:'y', pin dir:'r', type:'combinational rise_transition'. To debug, save and review the simulation results for deck: delay_1 using extsim_save_passed and extsim_save_failed.  Possible solutions include setting 'extsim_exclusive' to 1 and 'sim_estimate_duration' to 0 with increased 'sim_duration' as needed, and rerun.
ERROR (LIB-54): Some output transitions did not cross both 'measure_slew_*' thresholds for arc of cell:'NAND2X1', r_pin:'b', r_pin dir:'f', pin:'y', pin dir:'r', type:'combinational rise_transition'. To debug, save and review the simulation results for deck: delay_2 using extsim_save_passed and extsim_save_failed.  Possible solutions include setting 'extsim_exclusive' to 1 and 'sim_estimate_duration' to 0 with increased 'sim_duration' as needed, and rerun.
ERROR (LIB-54): Some output transitions did not cross both 'measure_slew_*' thresholds for arc of cell:'NAND2X1', r_pin:'a', r_pin dir:'r', pin:'y', pin dir:'f', type:'combinational fall_transition'. To debug, save and review the simulation results for deck: delay_3 using extsim_save_passed and extsim_save_failed.  Possible solutions include setting 'extsim_exclusive' to 1 and 'sim_estimate_duration' to 0 with increased 'sim_duration' as needed, and rerun.
ERROR (LIB-54): Some output transitions did not cross both 'measure_slew_*' thresholds for arc of cell:'NAND2X1', r_pin:'b', r_pin dir:'r', pin:'y', pin dir:'f', type:'combinational fall_transition'. To debug, save and review the simulation results for deck: delay_4 using extsim_save_passed and extsim_save_failed.  Possible solutions include setting 'extsim_exclusive' to 1 and 'sim_estimate_duration' to 0 with increased 'sim_duration' as needed, and rerun.
May 21 12:07:10 Thread 1: Cell=XNOR2X1 (100%)   Pin=b    Related=b    falling_edge   input_capacitance 
May 21 12:07:21 Thread 3: Cell=INVX1 (34%)      Pin=out  Related=in   three_state_disable rise_transition 
May 21 12:07:21 Thread 0: Cell=INVX1 (69%)      Pin=out  Related=in   combinational  fall_transition 
May 21 12:07:21 Thread 2: Cell=INVX1 (80%)      Pin=in   Related=     rising_edge    rise_power     
May 21 12:07:51 Thread 3: Cell=INVX1 (92%)      Pin=in   Related=     falling_edge   fall_power     
May 21 12:07:51 Thread 0: Cell=INVX1 (92%)      Pin=     Related=     combinational  leakage_power  
Performance statistics for XNOR2X1: Spectre cpu time = 0.3 seconds, total cpu time = 0.4 seconds, wall clock time = 41.0 seconds.
May 21 12:08:02 Thread 1: Cell=INVX1 (92%)      Pin=     Related=     combinational  leakage_power  
May 21 12:08:02 Thread 2: Cell=INVX1 (92%)      Pin=     Related=     combinational  leakage_power  
May 21 12:08:02 Thread 3: Cell=INVX1 (96%)      Pin=out  Related=out  rising_edge    tristate_capacitance 
May 21 12:08:02 Thread 3: Cell=INVX1 (100%)     Pin=out  Related=out  falling_edge   tristate_capacitance 
May 21 12:08:12 Thread 0: Cell=NOR2X1 (100%)    Pin=     Related=     combinational  leakage_power  
May 21 12:08:22 Thread 3: Cell=NOR2X1 (100%)    Pin=     Related=     combinational  leakage_power  
May 21 12:08:22 Thread 1: Cell=OR2X1 (100%)     Pin=     Related=     combinational  leakage_power  
Performance statistics for INVX1: Spectre cpu time = 0.4 seconds, total cpu time = 0.5 seconds, wall clock time = 31.0 seconds.
ERROR (LIB-54): Some output transitions did not cross both 'measure_slew_*' thresholds for arc of cell:'INVX1', r_pin:'in', r_pin dir:'r', pin:'out', pin dir:'f', type:'combinational fall_transition'. To debug, save and review the simulation results for deck: delay_2 using extsim_save_passed and extsim_save_failed.  Possible solutions include setting 'extsim_exclusive' to 1 and 'sim_estimate_duration' to 0 with increased 'sim_duration' as needed, and rerun.
Performance statistics for OR2X1: Spectre cpu time = 0.0 seconds, total cpu time = 0.0 seconds, wall clock time = 9.0 seconds.
Performance statistics for NOR2X1: Spectre cpu time = 0.1 seconds, total cpu time = 0.1 seconds, wall clock time = 0.0 seconds.
*Info* (char_library) : SKI process child signal handler disabled.


  MEM=1180 MB
Performance statistics (4 thread(s)):
Spectre CPU time:     0.00 hours (4.38 seconds)
Total PreProcessing time:     0.00 hours (0.11 seconds)
Total cpu time:     0.00 hours (6.46 seconds)
Wall clock time:     0.09 hours (5 minutes 19 seconds)

Characterization finished at Fri May 21 12:08:32 2021

Characterization statistics:

Number of cells to characterize =    7
Number of define_cell commands  =    7
Number of passing cells         =    3
Number of failing cells         =    4
WARNING (LIB-422): (char_library): 4 cells failed during characterization. Review the .log file for previous Warnings and Errors that could explain the failures. Update the Tcl script and rerun.
List of failing cells {
	AND2X1

	INVX1

	NAND2X1

	XOR2X1
}
ERROR: Process ID out of range.
********* simple selection *********  ********* selection by list *********
-A all processes                      -C by command name
-N negate selection                   -G by real group ID (supports names)
-a all w/ tty except session leaders  -U by real user ID (supports names)
-d all except session leaders         -g by session OR by effective group name
-e all processes                      -p by process ID
                                      -q by process ID (unsorted & quick)
T  all processes on this terminal     -s processes in the sessions given
a  all w/ tty, including other users  -t by tty
g  OBSOLETE -- DO NOT USE             -u by effective user ID (supports names)
r  only running processes             U  processes for specified users
x  processes w/o controlling ttys     t  by tty
*********** output format **********  *********** long options ***********
-o,o user-defined  -f full            --Group --User --pid --cols --ppid
-j,j job control   s  signal          --group --user --sid --rows --info
-O,O preloaded -o  v  virtual memory  --cumulative --format --deselect
-l,l long          u  user-oriented   --sort --tty --forest --version
-F   extra full    X  registers       --heading --no-heading --context
                                      --quick-pid
                    ********* misc options *********
-V,V  show version      L  list format codes  f  ASCII art forest
-m,m,-L,-T,H  threads   S  children in sum    -y change -l format
-M,Z  security data     c  true command name  -c scheduling class
-w,w  wide output       n  numeric WCHAN,UID  -H process hierarchy
ERROR: Process ID out of range.
********* simple selection *********  ********* selection by list *********
-A all processes                      -C by command name
-N negate selection                   -G by real group ID (supports names)
-a all w/ tty except session leaders  -U by real user ID (supports names)
-d all except session leaders         -g by session OR by effective group name
-e all processes                      -p by process ID
                                      -q by process ID (unsorted & quick)
T  all processes on this terminal     -s processes in the sessions given
a  all w/ tty, including other users  -t by tty
g  OBSOLETE -- DO NOT USE             -u by effective user ID (supports names)
r  only running processes             U  processes for specified users
x  processes w/o controlling ttys     t  by tty
*********** output format **********  *********** long options ***********
-o,o user-defined  -f full            --Group --User --pid --cols --ppid
-j,j job control   s  signal          --group --user --sid --rows --info
-O,O preloaded -o  v  virtual memory  --cumulative --format --deselect
-l,l long          u  user-oriented   --sort --tty --forest --version
-F   extra full    X  registers       --heading --no-heading --context
                                      --quick-pid
                    ********* misc options *********
-V,V  show version      L  list format codes  f  ASCII art forest
-m,m,-L,-T,H  threads   S  children in sum    -y change -l format
-M,Z  security data     c  true command name  -c scheduling class
-w,w  wide output       n  numeric WCHAN,UID  -H process hierarchy
ERROR: Process ID out of range.
********* simple selection *********  ********* selection by list *********
-A all processes                      -C by command name
-N negate selection                   -G by real group ID (supports names)
-a all w/ tty except session leaders  -U by real user ID (supports names)
-d all except session leaders         -g by session OR by effective group name
-e all processes                      -p by process ID
                                      -q by process ID (unsorted & quick)
T  all processes on this terminal     -s processes in the sessions given
a  all w/ tty, including other users  -t by tty
g  OBSOLETE -- DO NOT USE             -u by effective user ID (supports names)
r  only running processes             U  processes for specified users
x  processes w/o controlling ttys     t  by tty
*********** output format **********  *********** long options ***********
-o,o user-defined  -f full            --Group --User --pid --cols --ppid
-j,j job control   s  signal          --group --user --sid --rows --info
-O,O preloaded -o  v  virtual memory  --cumulative --format --deselect
-l,l long          u  user-oriented   --sort --tty --forest --version
-F   extra full    X  registers       --heading --no-heading --context
                                      --quick-pid
                    ********* misc options *********
-V,V  show version      L  list format codes  f  ASCII art forest
-m,m,-L,-T,H  threads   S  children in sum    -y change -l format
-M,Z  security data     c  true command name  -c scheduling class
-w,w  wide output       n  numeric WCHAN,UID  -H process hierarchy
ERROR: Process ID out of range.
********* simple selection *********  ********* selection by list *********
-A all processes                      -C by command name
-N negate selection                   -G by real group ID (supports names)
-a all w/ tty except session leaders  -U by real user ID (supports names)
-d all except session leaders         -g by session OR by effective group name
-e all processes                      -p by process ID
                                      -q by process ID (unsorted & quick)
T  all processes on this terminal     -s processes in the sessions given
a  all w/ tty, including other users  -t by tty
g  OBSOLETE -- DO NOT USE             -u by effective user ID (supports names)
r  only running processes             U  processes for specified users
x  processes w/o controlling ttys     t  by tty
*********** output format **********  *********** long options ***********
-o,o user-defined  -f full            --Group --User --pid --cols --ppid
-j,j job control   s  signal          --group --user --sid --rows --info
-O,O preloaded -o  v  virtual memory  --cumulative --format --deselect
-l,l long          u  user-oriented   --sort --tty --forest --version
-F   extra full    X  registers       --heading --no-heading --context
                                      --quick-pid
                    ********* misc options *********
-V,V  show version      L  list format codes  f  ASCII art forest
-m,m,-L,-T,H  threads   S  children in sum    -y change -l format
-M,Z  security data     c  true command name  -c scheduling class
-w,w  wide output       n  numeric WCHAN,UID  -H process hierarchy
ERROR: Process ID out of range.
********* simple selection *********  ********* selection by list *********
-A all processes                      -C by command name
-N negate selection                   -G by real group ID (supports names)
-a all w/ tty except session leaders  -U by real user ID (supports names)
-d all except session leaders         -g by session OR by effective group name
-e all processes                      -p by process ID
                                      -q by process ID (unsorted & quick)
T  all processes on this terminal     -s processes in the sessions given
a  all w/ tty, including other users  -t by tty
g  OBSOLETE -- DO NOT USE             -u by effective user ID (supports names)
r  only running processes             U  processes for specified users
x  processes w/o controlling ttys     t  by tty
*********** output format **********  *********** long options ***********
-o,o user-defined  -f full            --Group --User --pid --cols --ppid
-j,j job control   s  signal          --group --user --sid --rows --info
-O,O preloaded -o  v  virtual memory  --cumulative --format --deselect
-l,l long          u  user-oriented   --sort --tty --forest --version
-F   extra full    X  registers       --heading --no-heading --context
                                      --quick-pid
                    ********* misc options *********
-V,V  show version      L  list format codes  f  ASCII art forest
-m,m,-L,-T,H  threads   S  children in sum    -y change -l format
-M,Z  security data     c  true command name  -c scheduling class
-w,w  wide output       n  numeric WCHAN,UID  -H process hierarchy
ERROR: Process ID out of range.
********* simple selection *********  ********* selection by list *********
-A all processes                      -C by command name
-N negate selection                   -G by real group ID (supports names)
-a all w/ tty except session leaders  -U by real user ID (supports names)
-d all except session leaders         -g by session OR by effective group name
-e all processes                      -p by process ID
                                      -q by process ID (unsorted & quick)
T  all processes on this terminal     -s processes in the sessions given
a  all w/ tty, including other users  -t by tty
g  OBSOLETE -- DO NOT USE             -u by effective user ID (supports names)
r  only running processes             U  processes for specified users
x  processes w/o controlling ttys     t  by tty
*********** output format **********  *********** long options ***********
-o,o user-defined  -f full            --Group --User --pid --cols --ppid
-j,j job control   s  signal          --group --user --sid --rows --info
-O,O preloaded -o  v  virtual memory  --cumulative --format --deselect
-l,l long          u  user-oriented   --sort --tty --forest --version
-F   extra full    X  registers       --heading --no-heading --context
                                      --quick-pid
                    ********* misc options *********
-V,V  show version      L  list format codes  f  ASCII art forest
-m,m,-L,-T,H  threads   S  children in sum    -y change -l format
-M,Z  security data     c  true command name  -c scheduling class
-w,w  wide output       n  numeric WCHAN,UID  -H process hierarchy
ERROR: Process ID out of range.
********* simple selection *********  ********* selection by list *********
-A all processes                      -C by command name
-N negate selection                   -G by real group ID (supports names)
-a all w/ tty except session leaders  -U by real user ID (supports names)
-d all except session leaders         -g by session OR by effective group name
-e all processes                      -p by process ID
                                      -q by process ID (unsorted & quick)
T  all processes on this terminal     -s processes in the sessions given
a  all w/ tty, including other users  -t by tty
g  OBSOLETE -- DO NOT USE             -u by effective user ID (supports names)
r  only running processes             U  processes for specified users
x  processes w/o controlling ttys     t  by tty
*********** output format **********  *********** long options ***********
-o,o user-defined  -f full            --Group --User --pid --cols --ppid
-j,j job control   s  signal          --group --user --sid --rows --info
-O,O preloaded -o  v  virtual memory  --cumulative --format --deselect
-l,l long          u  user-oriented   --sort --tty --forest --version
-F   extra full    X  registers       --heading --no-heading --context
                                      --quick-pid
                    ********* misc options *********
-V,V  show version      L  list format codes  f  ASCII art forest
-m,m,-L,-T,H  threads   S  children in sum    -y change -l format
-M,Z  security data     c  true command name  -c scheduling class
-w,w  wide output       n  numeric WCHAN,UID  -H process hierarchy
ERROR: Process ID out of range.
********* simple selection *********  ********* selection by list *********
-A all processes                      -C by command name
-N negate selection                   -G by real group ID (supports names)
-a all w/ tty except session leaders  -U by real user ID (supports names)
-d all except session leaders         -g by session OR by effective group name
-e all processes                      -p by process ID
                                      -q by process ID (unsorted & quick)
T  all processes on this terminal     -s processes in the sessions given
a  all w/ tty, including other users  -t by tty
g  OBSOLETE -- DO NOT USE             -u by effective user ID (supports names)
r  only running processes             U  processes for specified users
x  processes w/o controlling ttys     t  by tty
*********** output format **********  *********** long options ***********
-o,o user-defined  -f full            --Group --User --pid --cols --ppid
-j,j job control   s  signal          --group --user --sid --rows --info
-O,O preloaded -o  v  virtual memory  --cumulative --format --deselect
-l,l long          u  user-oriented   --sort --tty --forest --version
-F   extra full    X  registers       --heading --no-heading --context
                                      --quick-pid
                    ********* misc options *********
-V,V  show version      L  list format codes  f  ASCII art forest
-m,m,-L,-T,H  threads   S  children in sum    -y change -l format
-M,Z  security data     c  true command name  -c scheduling class
-w,w  wide output       n  numeric WCHAN,UID  -H process hierarchy
ERROR: Process ID out of range.
********* simple selection *********  ********* selection by list *********
-A all processes                      -C by command name
-N negate selection                   -G by real group ID (supports names)
-a all w/ tty except session leaders  -U by real user ID (supports names)
-d all except session leaders         -g by session OR by effective group name
-e all processes                      -p by process ID
                                      -q by process ID (unsorted & quick)
T  all processes on this terminal     -s processes in the sessions given
a  all w/ tty, including other users  -t by tty
g  OBSOLETE -- DO NOT USE             -u by effective user ID (supports names)
r  only running processes             U  processes for specified users
x  processes w/o controlling ttys     t  by tty
*********** output format **********  *********** long options ***********
-o,o user-defined  -f full            --Group --User --pid --cols --ppid
-j,j job control   s  signal          --group --user --sid --rows --info
-O,O preloaded -o  v  virtual memory  --cumulative --format --deselect
-l,l long          u  user-oriented   --sort --tty --forest --version
-F   extra full    X  registers       --heading --no-heading --context
                                      --quick-pid
                    ********* misc options *********
-V,V  show version      L  list format codes  f  ASCII art forest
-m,m,-L,-T,H  threads   S  children in sum    -y change -l format
-M,Z  security data     c  true command name  -c scheduling class
-w,w  wide output       n  numeric WCHAN,UID  -H process hierarchy
ERROR: Process ID out of range.
********* simple selection *********  ********* selection by list *********
-A all processes                      -C by command name
-N negate selection                   -G by real group ID (supports names)
-a all w/ tty except session leaders  -U by real user ID (supports names)
-d all except session leaders         -g by session OR by effective group name
-e all processes                      -p by process ID
                                      -q by process ID (unsorted & quick)
T  all processes on this terminal     -s processes in the sessions given
a  all w/ tty, including other users  -t by tty
g  OBSOLETE -- DO NOT USE             -u by effective user ID (supports names)
r  only running processes             U  processes for specified users
x  processes w/o controlling ttys     t  by tty
*********** output format **********  *********** long options ***********
-o,o user-defined  -f full            --Group --User --pid --cols --ppid
-j,j job control   s  signal          --group --user --sid --rows --info
-O,O preloaded -o  v  virtual memory  --cumulative --format --deselect
-l,l long          u  user-oriented   --sort --tty --forest --version
-F   extra full    X  registers       --heading --no-heading --context
                                      --quick-pid
                    ********* misc options *********
-V,V  show version      L  list format codes  f  ASCII art forest
-m,m,-L,-T,H  threads   S  children in sum    -y change -l format
-M,Z  security data     c  true command name  -c scheduling class
-w,w  wide output       n  numeric WCHAN,UID  -H process hierarchy
ERROR: Process ID out of range.
********* simple selection *********  ********* selection by list *********
-A all processes                      -C by command name
-N negate selection                   -G by real group ID (supports names)
-a all w/ tty except session leaders  -U by real user ID (supports names)
-d all except session leaders         -g by session OR by effective group name
-e all processes                      -p by process ID
                                      -q by process ID (unsorted & quick)
T  all processes on this terminal     -s processes in the sessions given
a  all w/ tty, including other users  -t by tty
g  OBSOLETE -- DO NOT USE             -u by effective user ID (supports names)
r  only running processes             U  processes for specified users
x  processes w/o controlling ttys     t  by tty
*********** output format **********  *********** long options ***********
-o,o user-defined  -f full            --Group --User --pid --cols --ppid
-j,j job control   s  signal          --group --user --sid --rows --info
-O,O preloaded -o  v  virtual memory  --cumulative --format --deselect
-l,l long          u  user-oriented   --sort --tty --forest --version
-F   extra full    X  registers       --heading --no-heading --context
                                      --quick-pid
                    ********* misc options *********
-V,V  show version      L  list format codes  f  ASCII art forest
-m,m,-L,-T,H  threads   S  children in sum    -y change -l format
-M,Z  security data     c  true command name  -c scheduling class
-w,w  wide output       n  numeric WCHAN,UID  -H process hierarchy
ERROR: Process ID out of range.
********* simple selection *********  ********* selection by list *********
-A all processes                      -C by command name
-N negate selection                   -G by real group ID (supports names)
-a all w/ tty except session leaders  -U by real user ID (supports names)
-d all except session leaders         -g by session OR by effective group name
-e all processes                      -p by process ID
                                      -q by process ID (unsorted & quick)
T  all processes on this terminal     -s processes in the sessions given
a  all w/ tty, including other users  -t by tty
g  OBSOLETE -- DO NOT USE             -u by effective user ID (supports names)
r  only running processes             U  processes for specified users
x  processes w/o controlling ttys     t  by tty
*********** output format **********  *********** long options ***********
-o,o user-defined  -f full            --Group --User --pid --cols --ppid
-j,j job control   s  signal          --group --user --sid --rows --info
-O,O preloaded -o  v  virtual memory  --cumulative --format --deselect
-l,l long          u  user-oriented   --sort --tty --forest --version
-F   extra full    X  registers       --heading --no-heading --context
                                      --quick-pid
                    ********* misc options *********
-V,V  show version      L  list format codes  f  ASCII art forest
-m,m,-L,-T,H  threads   S  children in sum    -y change -l format
-M,Z  security data     c  true command name  -c scheduling class
-w,w  wide output       n  numeric WCHAN,UID  -H process hierarchy
ERROR: Process ID out of range.
********* simple selection *********  ********* selection by list *********
-A all processes                      -C by command name
-N negate selection                   -G by real group ID (supports names)
-a all w/ tty except session leaders  -U by real user ID (supports names)
-d all except session leaders         -g by session OR by effective group name
-e all processes                      -p by process ID
                                      -q by process ID (unsorted & quick)
T  all processes on this terminal     -s processes in the sessions given
a  all w/ tty, including other users  -t by tty
g  OBSOLETE -- DO NOT USE             -u by effective user ID (supports names)
r  only running processes             U  processes for specified users
x  processes w/o controlling ttys     t  by tty
*********** output format **********  *********** long options ***********
-o,o user-defined  -f full            --Group --User --pid --cols --ppid
-j,j job control   s  signal          --group --user --sid --rows --info
-O,O preloaded -o  v  virtual memory  --cumulative --format --deselect
-l,l long          u  user-oriented   --sort --tty --forest --version
-F   extra full    X  registers       --heading --no-heading --context
                                      --quick-pid
                    ********* misc options *********
-V,V  show version      L  list format codes  f  ASCII art forest
-m,m,-L,-T,H  threads   S  children in sum    -y change -l format
-M,Z  security data     c  true command name  -c scheduling class
-w,w  wide output       n  numeric WCHAN,UID  -H process hierarchy
ERROR: Process ID out of range.
********* simple selection *********  ********* selection by list *********
-A all processes                      -C by command name
-N negate selection                   -G by real group ID (supports names)
-a all w/ tty except session leaders  -U by real user ID (supports names)
-d all except session leaders         -g by session OR by effective group name
-e all processes                      -p by process ID
                                      -q by process ID (unsorted & quick)
T  all processes on this terminal     -s processes in the sessions given
a  all w/ tty, including other users  -t by tty
g  OBSOLETE -- DO NOT USE             -u by effective user ID (supports names)
r  only running processes             U  processes for specified users
x  processes w/o controlling ttys     t  by tty
*********** output format **********  *********** long options ***********
-o,o user-defined  -f full            --Group --User --pid --cols --ppid
-j,j job control   s  signal          --group --user --sid --rows --info
-O,O preloaded -o  v  virtual memory  --cumulative --format --deselect
-l,l long          u  user-oriented   --sort --tty --forest --version
-F   extra full    X  registers       --heading --no-heading --context
                                      --quick-pid
                    ********* misc options *********
-V,V  show version      L  list format codes  f  ASCII art forest
-m,m,-L,-T,H  threads   S  children in sum    -y change -l format
-M,Z  security data     c  true command name  -c scheduling class
-w,w  wide output       n  numeric WCHAN,UID  -H process hierarchy
ERROR: Process ID out of range.
********* simple selection *********  ********* selection by list *********
-A all processes                      -C by command name
-N negate selection                   -G by real group ID (supports names)
-a all w/ tty except session leaders  -U by real user ID (supports names)
-d all except session leaders         -g by session OR by effective group name
-e all processes                      -p by process ID
                                      -q by process ID (unsorted & quick)
T  all processes on this terminal     -s processes in the sessions given
a  all w/ tty, including other users  -t by tty
g  OBSOLETE -- DO NOT USE             -u by effective user ID (supports names)
r  only running processes             U  processes for specified users
x  processes w/o controlling ttys     t  by tty
*********** output format **********  *********** long options ***********
-o,o user-defined  -f full            --Group --User --pid --cols --ppid
-j,j job control   s  signal          --group --user --sid --rows --info
-O,O preloaded -o  v  virtual memory  --cumulative --format --deselect
-l,l long          u  user-oriented   --sort --tty --forest --version
-F   extra full    X  registers       --heading --no-heading --context
                                      --quick-pid
                    ********* misc options *********
-V,V  show version      L  list format codes  f  ASCII art forest
-m,m,-L,-T,H  threads   S  children in sum    -y change -l format
-M,Z  security data     c  true command name  -c scheduling class
-w,w  wide output       n  numeric WCHAN,UID  -H process hierarchy
ERROR: Process ID out of range.
********* simple selection *********  ********* selection by list *********
-A all processes                      -C by command name
-N negate selection                   -G by real group ID (supports names)
-a all w/ tty except session leaders  -U by real user ID (supports names)
-d all except session leaders         -g by session OR by effective group name
-e all processes                      -p by process ID
                                      -q by process ID (unsorted & quick)
T  all processes on this terminal     -s processes in the sessions given
a  all w/ tty, including other users  -t by tty
g  OBSOLETE -- DO NOT USE             -u by effective user ID (supports names)
r  only running processes             U  processes for specified users
x  processes w/o controlling ttys     t  by tty
*********** output format **********  *********** long options ***********
-o,o user-defined  -f full            --Group --User --pid --cols --ppid
-j,j job control   s  signal          --group --user --sid --rows --info
-O,O preloaded -o  v  virtual memory  --cumulative --format --deselect
-l,l long          u  user-oriented   --sort --tty --forest --version
-F   extra full    X  registers       --heading --no-heading --context
                                      --quick-pid
                    ********* misc options *********
-V,V  show version      L  list format codes  f  ASCII art forest
-m,m,-L,-T,H  threads   S  children in sum    -y change -l format
-M,Z  security data     c  true command name  -c scheduling class
-w,w  wide output       n  numeric WCHAN,UID  -H process hierarchy
ERROR: Process ID out of range.
********* simple selection *********  ********* selection by list *********
-A all processes                      -C by command name
-N negate selection                   -G by real group ID (supports names)
-a all w/ tty except session leaders  -U by real user ID (supports names)
-d all except session leaders         -g by session OR by effective group name
-e all processes                      -p by process ID
                                      -q by process ID (unsorted & quick)
T  all processes on this terminal     -s processes in the sessions given
a  all w/ tty, including other users  -t by tty
g  OBSOLETE -- DO NOT USE             -u by effective user ID (supports names)
r  only running processes             U  processes for specified users
x  processes w/o controlling ttys     t  by tty
*********** output format **********  *********** long options ***********
-o,o user-defined  -f full            --Group --User --pid --cols --ppid
-j,j job control   s  signal          --group --user --sid --rows --info
-O,O preloaded -o  v  virtual memory  --cumulative --format --deselect
-l,l long          u  user-oriented   --sort --tty --forest --version
-F   extra full    X  registers       --heading --no-heading --context
                                      --quick-pid
                    ********* misc options *********
-V,V  show version      L  list format codes  f  ASCII art forest
-m,m,-L,-T,H  threads   S  children in sum    -y change -l format
-M,Z  security data     c  true command name  -c scheduling class
-w,w  wide output       n  numeric WCHAN,UID  -H process hierarchy
ERROR: Process ID out of range.
********* simple selection *********  ********* selection by list *********
-A all processes                      -C by command name
-N negate selection                   -G by real group ID (supports names)
-a all w/ tty except session leaders  -U by real user ID (supports names)
-d all except session leaders         -g by session OR by effective group name
-e all processes                      -p by process ID
                                      -q by process ID (unsorted & quick)
T  all processes on this terminal     -s processes in the sessions given
a  all w/ tty, including other users  -t by tty
g  OBSOLETE -- DO NOT USE             -u by effective user ID (supports names)
r  only running processes             U  processes for specified users
x  processes w/o controlling ttys     t  by tty
*********** output format **********  *********** long options ***********
-o,o user-defined  -f full            --Group --User --pid --cols --ppid
-j,j job control   s  signal          --group --user --sid --rows --info
-O,O preloaded -o  v  virtual memory  --cumulative --format --deselect
-l,l long          u  user-oriented   --sort --tty --forest --version
-F   extra full    X  registers       --heading --no-heading --context
                                      --quick-pid
                    ********* misc options *********
-V,V  show version      L  list format codes  f  ASCII art forest
-m,m,-L,-T,H  threads   S  children in sum    -y change -l format
-M,Z  security data     c  true command name  -c scheduling class
-w,w  wide output       n  numeric WCHAN,UID  -H process hierarchy
ERROR: Process ID out of range.
********* simple selection *********  ********* selection by list *********
-A all processes                      -C by command name
-N negate selection                   -G by real group ID (supports names)
-a all w/ tty except session leaders  -U by real user ID (supports names)
-d all except session leaders         -g by session OR by effective group name
-e all processes                      -p by process ID
                                      -q by process ID (unsorted & quick)
T  all processes on this terminal     -s processes in the sessions given
a  all w/ tty, including other users  -t by tty
g  OBSOLETE -- DO NOT USE             -u by effective user ID (supports names)
r  only running processes             U  processes for specified users
x  processes w/o controlling ttys     t  by tty
*********** output format **********  *********** long options ***********
-o,o user-defined  -f full            --Group --User --pid --cols --ppid
-j,j job control   s  signal          --group --user --sid --rows --info
-O,O preloaded -o  v  virtual memory  --cumulative --format --deselect
-l,l long          u  user-oriented   --sort --tty --forest --version
-F   extra full    X  registers       --heading --no-heading --context
                                      --quick-pid
                    ********* misc options *********
-V,V  show version      L  list format codes  f  ASCII art forest
-m,m,-L,-T,H  threads   S  children in sum    -y change -l format
-M,Z  security data     c  true command name  -c scheduling class
-w,w  wide output       n  numeric WCHAN,UID  -H process hierarchy
ERROR: Process ID out of range.
********* simple selection *********  ********* selection by list *********
-A all processes                      -C by command name
-N negate selection                   -G by real group ID (supports names)
-a all w/ tty except session leaders  -U by real user ID (supports names)
-d all except session leaders         -g by session OR by effective group name
-e all processes                      -p by process ID
                                      -q by process ID (unsorted & quick)
T  all processes on this terminal     -s processes in the sessions given
a  all w/ tty, including other users  -t by tty
g  OBSOLETE -- DO NOT USE             -u by effective user ID (supports names)
r  only running processes             U  processes for specified users
x  processes w/o controlling ttys     t  by tty
*********** output format **********  *********** long options ***********
-o,o user-defined  -f full            --Group --User --pid --cols --ppid
-j,j job control   s  signal          --group --user --sid --rows --info
-O,O preloaded -o  v  virtual memory  --cumulative --format --deselect
-l,l long          u  user-oriented   --sort --tty --forest --version
-F   extra full    X  registers       --heading --no-heading --context
                                      --quick-pid
                    ********* misc options *********
-V,V  show version      L  list format codes  f  ASCII art forest
-m,m,-L,-T,H  threads   S  children in sum    -y change -l format
-M,Z  security data     c  true command name  -c scheduling class
-w,w  wide output       n  numeric WCHAN,UID  -H process hierarchy
ERROR: Process ID out of range.
********* simple selection *********  ********* selection by list *********
-A all processes                      -C by command name
-N negate selection                   -G by real group ID (supports names)
-a all w/ tty except session leaders  -U by real user ID (supports names)
-d all except session leaders         -g by session OR by effective group name
-e all processes                      -p by process ID
                                      -q by process ID (unsorted & quick)
T  all processes on this terminal     -s processes in the sessions given
a  all w/ tty, including other users  -t by tty
g  OBSOLETE -- DO NOT USE             -u by effective user ID (supports names)
r  only running processes             U  processes for specified users
x  processes w/o controlling ttys     t  by tty
*********** output format **********  *********** long options ***********
-o,o user-defined  -f full            --Group --User --pid --cols --ppid
-j,j job control   s  signal          --group --user --sid --rows --info
-O,O preloaded -o  v  virtual memory  --cumulative --format --deselect
-l,l long          u  user-oriented   --sort --tty --forest --version
-F   extra full    X  registers       --heading --no-heading --context
                                      --quick-pid
                    ********* misc options *********
-V,V  show version      L  list format codes  f  ASCII art forest
-m,m,-L,-T,H  threads   S  children in sum    -y change -l format
-M,Z  security data     c  true command name  -c scheduling class
-w,w  wide output       n  numeric WCHAN,UID  -H process hierarchy
ERROR: Process ID out of range.
********* simple selection *********  ********* selection by list *********
-A all processes                      -C by command name
-N negate selection                   -G by real group ID (supports names)
-a all w/ tty except session leaders  -U by real user ID (supports names)
-d all except session leaders         -g by session OR by effective group name
-e all processes                      -p by process ID
                                      -q by process ID (unsorted & quick)
T  all processes on this terminal     -s processes in the sessions given
a  all w/ tty, including other users  -t by tty
g  OBSOLETE -- DO NOT USE             -u by effective user ID (supports names)
r  only running processes             U  processes for specified users
x  processes w/o controlling ttys     t  by tty
*********** output format **********  *********** long options ***********
-o,o user-defined  -f full            --Group --User --pid --cols --ppid
-j,j job control   s  signal          --group --user --sid --rows --info
-O,O preloaded -o  v  virtual memory  --cumulative --format --deselect
-l,l long          u  user-oriented   --sort --tty --forest --version
-F   extra full    X  registers       --heading --no-heading --context
                                      --quick-pid
                    ********* misc options *********
-V,V  show version      L  list format codes  f  ASCII art forest
-m,m,-L,-T,H  threads   S  children in sum    -y change -l format
-M,Z  security data     c  true command name  -c scheduling class
-w,w  wide output       n  numeric WCHAN,UID  -H process hierarchy
ERROR: Process ID out of range.
********* simple selection *********  ********* selection by list *********
-A all processes                      -C by command name
-N negate selection                   -G by real group ID (supports names)
-a all w/ tty except session leaders  -U by real user ID (supports names)
-d all except session leaders         -g by session OR by effective group name
-e all processes                      -p by process ID
                                      -q by process ID (unsorted & quick)
T  all processes on this terminal     -s processes in the sessions given
a  all w/ tty, including other users  -t by tty
g  OBSOLETE -- DO NOT USE             -u by effective user ID (supports names)
r  only running processes             U  processes for specified users
x  processes w/o controlling ttys     t  by tty
*********** output format **********  *********** long options ***********
-o,o user-defined  -f full            --Group --User --pid --cols --ppid
-j,j job control   s  signal          --group --user --sid --rows --info
-O,O preloaded -o  v  virtual memory  --cumulative --format --deselect
-l,l long          u  user-oriented   --sort --tty --forest --version
-F   extra full    X  registers       --heading --no-heading --context
                                      --quick-pid
                    ********* misc options *********
-V,V  show version      L  list format codes  f  ASCII art forest
-m,m,-L,-T,H  threads   S  children in sum    -y change -l format
-M,Z  security data     c  true command name  -c scheduling class
-w,w  wide output       n  numeric WCHAN,UID  -H process hierarchy
ERROR: Process ID out of range.
********* simple selection *********  ********* selection by list *********
-A all processes                      -C by command name
-N negate selection                   -G by real group ID (supports names)
-a all w/ tty except session leaders  -U by real user ID (supports names)
-d all except session leaders         -g by session OR by effective group name
-e all processes                      -p by process ID
                                      -q by process ID (unsorted & quick)
T  all processes on this terminal     -s processes in the sessions given
a  all w/ tty, including other users  -t by tty
g  OBSOLETE -- DO NOT USE             -u by effective user ID (supports names)
r  only running processes             U  processes for specified users
x  processes w/o controlling ttys     t  by tty
*********** output format **********  *********** long options ***********
-o,o user-defined  -f full            --Group --User --pid --cols --ppid
-j,j job control   s  signal          --group --user --sid --rows --info
-O,O preloaded -o  v  virtual memory  --cumulative --format --deselect
-l,l long          u  user-oriented   --sort --tty --forest --version
-F   extra full    X  registers       --heading --no-heading --context
                                      --quick-pid
                    ********* misc options *********
-V,V  show version      L  list format codes  f  ASCII art forest
-m,m,-L,-T,H  threads   S  children in sum    -y change -l format
-M,Z  security data     c  true command name  -c scheduling class
-w,w  wide output       n  numeric WCHAN,UID  -H process hierarchy
ERROR: Process ID out of range.
********* simple selection *********  ********* selection by list *********
-A all processes                      -C by command name
-N negate selection                   -G by real group ID (supports names)
-a all w/ tty except session leaders  -U by real user ID (supports names)
-d all except session leaders         -g by session OR by effective group name
-e all processes                      -p by process ID
                                      -q by process ID (unsorted & quick)
T  all processes on this terminal     -s processes in the sessions given
a  all w/ tty, including other users  -t by tty
g  OBSOLETE -- DO NOT USE             -u by effective user ID (supports names)
r  only running processes             U  processes for specified users
x  processes w/o controlling ttys     t  by tty
*********** output format **********  *********** long options ***********
-o,o user-defined  -f full            --Group --User --pid --cols --ppid
-j,j job control   s  signal          --group --user --sid --rows --info
-O,O preloaded -o  v  virtual memory  --cumulative --format --deselect
-l,l long          u  user-oriented   --sort --tty --forest --version
-F   extra full    X  registers       --heading --no-heading --context
                                      --quick-pid
                    ********* misc options *********
-V,V  show version      L  list format codes  f  ASCII art forest
-m,m,-L,-T,H  threads   S  children in sum    -y change -l format
-M,Z  security data     c  true command name  -c scheduling class
-w,w  wide output       n  numeric WCHAN,UID  -H process hierarchy
ERROR: Process ID out of range.
********* simple selection *********  ********* selection by list *********
-A all processes                      -C by command name
-N negate selection                   -G by real group ID (supports names)
-a all w/ tty except session leaders  -U by real user ID (supports names)
-d all except session leaders         -g by session OR by effective group name
-e all processes                      -p by process ID
                                      -q by process ID (unsorted & quick)
T  all processes on this terminal     -s processes in the sessions given
a  all w/ tty, including other users  -t by tty
g  OBSOLETE -- DO NOT USE             -u by effective user ID (supports names)
r  only running processes             U  processes for specified users
x  processes w/o controlling ttys     t  by tty
*********** output format **********  *********** long options ***********
-o,o user-defined  -f full            --Group --User --pid --cols --ppid
-j,j job control   s  signal          --group --user --sid --rows --info
-O,O preloaded -o  v  virtual memory  --cumulative --format --deselect
-l,l long          u  user-oriented   --sort --tty --forest --version
-F   extra full    X  registers       --heading --no-heading --context
                                      --quick-pid
                    ********* misc options *********
-V,V  show version      L  list format codes  f  ASCII art forest
-m,m,-L,-T,H  threads   S  children in sum    -y change -l format
-M,Z  security data     c  true command name  -c scheduling class
-w,w  wide output       n  numeric WCHAN,UID  -H process hierarchy
ERROR: Process ID out of range.
********* simple selection *********  ********* selection by list *********
-A all processes                      -C by command name
-N negate selection                   -G by real group ID (supports names)
-a all w/ tty except session leaders  -U by real user ID (supports names)
-d all except session leaders         -g by session OR by effective group name
-e all processes                      -p by process ID
                                      -q by process ID (unsorted & quick)
T  all processes on this terminal     -s processes in the sessions given
a  all w/ tty, including other users  -t by tty
g  OBSOLETE -- DO NOT USE             -u by effective user ID (supports names)
r  only running processes             U  processes for specified users
x  processes w/o controlling ttys     t  by tty
*********** output format **********  *********** long options ***********
-o,o user-defined  -f full            --Group --User --pid --cols --ppid
-j,j job control   s  signal          --group --user --sid --rows --info
-O,O preloaded -o  v  virtual memory  --cumulative --format --deselect
-l,l long          u  user-oriented   --sort --tty --forest --version
-F   extra full    X  registers       --heading --no-heading --context
                                      --quick-pid
                    ********* misc options *********
-V,V  show version      L  list format codes  f  ASCII art forest
-m,m,-L,-T,H  threads   S  children in sum    -y change -l format
-M,Z  security data     c  true command name  -c scheduling class
-w,w  wide output       n  numeric WCHAN,UID  -H process hierarchy
ERROR: Process ID out of range.
********* simple selection *********  ********* selection by list *********
-A all processes                      -C by command name
-N negate selection                   -G by real group ID (supports names)
-a all w/ tty except session leaders  -U by real user ID (supports names)
-d all except session leaders         -g by session OR by effective group name
-e all processes                      -p by process ID
                                      -q by process ID (unsorted & quick)
T  all processes on this terminal     -s processes in the sessions given
a  all w/ tty, including other users  -t by tty
g  OBSOLETE -- DO NOT USE             -u by effective user ID (supports names)
r  only running processes             U  processes for specified users
x  processes w/o controlling ttys     t  by tty
*********** output format **********  *********** long options ***********
-o,o user-defined  -f full            --Group --User --pid --cols --ppid
-j,j job control   s  signal          --group --user --sid --rows --info
-O,O preloaded -o  v  virtual memory  --cumulative --format --deselect
-l,l long          u  user-oriented   --sort --tty --forest --version
-F   extra full    X  registers       --heading --no-heading --context
                                      --quick-pid
                    ********* misc options *********
-V,V  show version      L  list format codes  f  ASCII art forest
-m,m,-L,-T,H  threads   S  children in sum    -y change -l format
-M,Z  security data     c  true command name  -c scheduling class
-w,w  wide output       n  numeric WCHAN,UID  -H process hierarchy
ERROR: Process ID out of range.
********* simple selection *********  ********* selection by list *********
-A all processes                      -C by command name
-N negate selection                   -G by real group ID (supports names)
-a all w/ tty except session leaders  -U by real user ID (supports names)
-d all except session leaders         -g by session OR by effective group name
-e all processes                      -p by process ID
                                      -q by process ID (unsorted & quick)
T  all processes on this terminal     -s processes in the sessions given
a  all w/ tty, including other users  -t by tty
g  OBSOLETE -- DO NOT USE             -u by effective user ID (supports names)
r  only running processes             U  processes for specified users
x  processes w/o controlling ttys     t  by tty
*********** output format **********  *********** long options ***********
-o,o user-defined  -f full            --Group --User --pid --cols --ppid
-j,j job control   s  signal          --group --user --sid --rows --info
-O,O preloaded -o  v  virtual memory  --cumulative --format --deselect
-l,l long          u  user-oriented   --sort --tty --forest --version
-F   extra full    X  registers       --heading --no-heading --context
                                      --quick-pid
                    ********* misc options *********
-V,V  show version      L  list format codes  f  ASCII art forest
-m,m,-L,-T,H  threads   S  children in sum    -y change -l format
-M,Z  security data     c  true command name  -c scheduling class
-w,w  wide output       n  numeric WCHAN,UID  -H process hierarchy
Finished Liberate Execution.
Updating library database /home/TSMC/Desktop/UMC180/Designkits/Cadence_6.1/lowpower/liberate/example/liberate/LDB/example.ldb.gz
Memory usage: 843 Mbytes

LIBERATE parameter "mx_format_expand_buses" set to "0"
LIBERATE parameter "ecsm_multi_stage_cap_mode" set to "0"
LIBERATE parameter "ccsp_mode" set to "0"
LIBERATE parameter "ecsm_waveform_error_adjust" set to "0x2"
*Error* (write_library) : Invalid ecsm data found at points indexed at [ 12 ] in fall_transition for cell:AND2X1 pin:y related_pin:a when:"". Only the indices without any invalid data will be output  into any ECSM library written for this ecsm waveform!!
The invalid data may be caused by waveform can not reach full power railPlease check the design and/or char option setings
*Error* (write_library) : Invalid ecsm data found at points indexed at [ 12 ] in fall_transition for cell:AND2X1 pin:y related_pin:b when:"". Only the indices without any invalid data will be output  into any ECSM library written for this ecsm waveform!!
The invalid data may be caused by waveform can not reach full power railPlease check the design and/or char option setings
ERROR (LIB-632): (write_library) : The library will be incomplete because only failing characterization results exist for cell=AND2X1, pin=y, related_pin=a, fall_power. Check and fix the characterization errors, recharacterize the design, and rewrite the library.
ERROR (LIB-632): (write_library) : The library will be incomplete because only failing characterization results exist for cell=AND2X1, pin=y, related_pin=a, rise_power. Check and fix the characterization errors, recharacterize the design, and rewrite the library.
ERROR (LIB-632): (write_library) : The library will be incomplete because only failing characterization results exist for cell=AND2X1, pin=y, related_pin=a, timing_type=combinational, timing_sense=positive_unate, cell_fall. Check and fix the characterization errors, recharacterize the design, and rewrite the library.
ERROR (LIB-632): (write_library) : The library will be incomplete because only failing characterization results exist for cell=AND2X1, pin=y, related_pin=a, timing_type=combinational, timing_sense=positive_unate, cell_rise. Check and fix the characterization errors, recharacterize the design, and rewrite the library.
ERROR (LIB-632): (write_library) : The library will be incomplete because only failing characterization results exist for cell=AND2X1, pin=y, related_pin=a, timing_type=combinational, timing_sense=positive_unate, fall_transition. Check and fix the characterization errors, recharacterize the design, and rewrite the library.
ERROR (LIB-632): (write_library) : The library will be incomplete because only failing characterization results exist for cell=AND2X1, pin=y, related_pin=a, timing_type=combinational, timing_sense=positive_unate, rise_transition. Check and fix the characterization errors, recharacterize the design, and rewrite the library.
ERROR (LIB-632): (write_library) : The library will be incomplete because only failing characterization results exist for cell=AND2X1, pin=y, related_pin=b, fall_power. Check and fix the characterization errors, recharacterize the design, and rewrite the library.
ERROR (LIB-632): (write_library) : The library will be incomplete because only failing characterization results exist for cell=AND2X1, pin=y, related_pin=b, rise_power. Check and fix the characterization errors, recharacterize the design, and rewrite the library.
ERROR (LIB-632): (write_library) : The library will be incomplete because only failing characterization results exist for cell=AND2X1, pin=y, related_pin=b, timing_type=combinational, timing_sense=positive_unate, cell_fall. Check and fix the characterization errors, recharacterize the design, and rewrite the library.
ERROR (LIB-632): (write_library) : The library will be incomplete because only failing characterization results exist for cell=AND2X1, pin=y, related_pin=b, timing_type=combinational, timing_sense=positive_unate, cell_rise. Check and fix the characterization errors, recharacterize the design, and rewrite the library.
ERROR (LIB-632): (write_library) : The library will be incomplete because only failing characterization results exist for cell=AND2X1, pin=y, related_pin=b, timing_type=combinational, timing_sense=positive_unate, fall_transition. Check and fix the characterization errors, recharacterize the design, and rewrite the library.
ERROR (LIB-632): (write_library) : The library will be incomplete because only failing characterization results exist for cell=AND2X1, pin=y, related_pin=b, timing_type=combinational, timing_sense=positive_unate, rise_transition. Check and fix the characterization errors, recharacterize the design, and rewrite the library.
ERROR (LIB-632): (write_library) : The library will be incomplete because only failing characterization results exist for cell=INVX1, pin=out, related_pin=in, fall_power. Check and fix the characterization errors, recharacterize the design, and rewrite the library.
ERROR (LIB-632): (write_library) : The library will be incomplete because only failing characterization results exist for cell=INVX1, pin=out, related_pin=in, timing_type=combinational, timing_sense=negative_unate, cell_fall. Check and fix the characterization errors, recharacterize the design, and rewrite the library.
ERROR (LIB-632): (write_library) : The library will be incomplete because only failing characterization results exist for cell=INVX1, pin=out, related_pin=in, timing_type=combinational, timing_sense=negative_unate, fall_transition. Check and fix the characterization errors, recharacterize the design, and rewrite the library.
ERROR (LIB-632): (write_library) : The library will be incomplete because only failing characterization results exist for cell=NAND2X1, pin=y, related_pin=a, fall_power. Check and fix the characterization errors, recharacterize the design, and rewrite the library.
ERROR (LIB-632): (write_library) : The library will be incomplete because only failing characterization results exist for cell=NAND2X1, pin=y, related_pin=a, rise_power. Check and fix the characterization errors, recharacterize the design, and rewrite the library.
ERROR (LIB-632): (write_library) : The library will be incomplete because only failing characterization results exist for cell=NAND2X1, pin=y, related_pin=a, timing_type=combinational, timing_sense=negative_unate, cell_fall. Check and fix the characterization errors, recharacterize the design, and rewrite the library.
ERROR (LIB-632): (write_library) : The library will be incomplete because only failing characterization results exist for cell=NAND2X1, pin=y, related_pin=a, timing_type=combinational, timing_sense=negative_unate, cell_rise. Check and fix the characterization errors, recharacterize the design, and rewrite the library.
ERROR (LIB-632): (write_library) : The library will be incomplete because only failing characterization results exist for cell=NAND2X1, pin=y, related_pin=a, timing_type=combinational, timing_sense=negative_unate, fall_transition. Check and fix the characterization errors, recharacterize the design, and rewrite the library.
ERROR (LIB-632): (write_library) : The library will be incomplete because only failing characterization results exist for cell=NAND2X1, pin=y, related_pin=a, timing_type=combinational, timing_sense=negative_unate, rise_transition. Check and fix the characterization errors, recharacterize the design, and rewrite the library.
ERROR (LIB-632): (write_library) : The library will be incomplete because only failing characterization results exist for cell=NAND2X1, pin=y, related_pin=b, fall_power. Check and fix the characterization errors, recharacterize the design, and rewrite the library.
ERROR (LIB-632): (write_library) : The library will be incomplete because only failing characterization results exist for cell=NAND2X1, pin=y, related_pin=b, rise_power. Check and fix the characterization errors, recharacterize the design, and rewrite the library.
ERROR (LIB-632): (write_library) : The library will be incomplete because only failing characterization results exist for cell=NAND2X1, pin=y, related_pin=b, timing_type=combinational, timing_sense=negative_unate, cell_fall. Check and fix the characterization errors, recharacterize the design, and rewrite the library.
ERROR (LIB-632): (write_library) : The library will be incomplete because only failing characterization results exist for cell=NAND2X1, pin=y, related_pin=b, timing_type=combinational, timing_sense=negative_unate, cell_rise. Check and fix the characterization errors, recharacterize the design, and rewrite the library.
ERROR (LIB-632): (write_library) : The library will be incomplete because only failing characterization results exist for cell=NAND2X1, pin=y, related_pin=b, timing_type=combinational, timing_sense=negative_unate, fall_transition. Check and fix the characterization errors, recharacterize the design, and rewrite the library.
ERROR (LIB-632): (write_library) : The library will be incomplete because only failing characterization results exist for cell=NAND2X1, pin=y, related_pin=b, timing_type=combinational, timing_sense=negative_unate, rise_transition. Check and fix the characterization errors, recharacterize the design, and rewrite the library.
ERROR (LIB-632): (write_library) : The library will be incomplete because only failing characterization results exist for cell=XOR2X1, pin=y, related_pin=a, fall_power. Check and fix the characterization errors, recharacterize the design, and rewrite the library.
ERROR (LIB-632): (write_library) : The library will be incomplete because only failing characterization results exist for cell=XOR2X1, pin=y, related_pin=a, rise_power. Check and fix the characterization errors, recharacterize the design, and rewrite the library.
ERROR (LIB-632): (write_library) : The library will be incomplete because only failing characterization results exist for cell=XOR2X1, pin=y, related_pin=a, timing_type=combinational, timing_sense=negative_unate, cell_fall. Check and fix the characterization errors, recharacterize the design, and rewrite the library.
ERROR (LIB-632): (write_library) : The library will be incomplete because only failing characterization results exist for cell=XOR2X1, pin=y, related_pin=a, timing_type=combinational, timing_sense=negative_unate, cell_rise. Check and fix the characterization errors, recharacterize the design, and rewrite the library.
ERROR (LIB-632): (write_library) : The library will be incomplete because only failing characterization results exist for cell=XOR2X1, pin=y, related_pin=a, timing_type=combinational, timing_sense=negative_unate, fall_transition. Check and fix the characterization errors, recharacterize the design, and rewrite the library.
ERROR (LIB-632): (write_library) : The library will be incomplete because only failing characterization results exist for cell=XOR2X1, pin=y, related_pin=a, timing_type=combinational, timing_sense=negative_unate, rise_transition. Check and fix the characterization errors, recharacterize the design, and rewrite the library.
ERROR (LIB-632): (write_library) : The library will be incomplete because only failing characterization results exist for cell=XOR2X1, pin=y, related_pin=b, rise_power. Check and fix the characterization errors, recharacterize the design, and rewrite the library.
ERROR (LIB-632): (write_library) : The library will be incomplete because only failing characterization results exist for cell=XOR2X1, pin=y, related_pin=b, timing_type=combinational, timing_sense=positive_unate, cell_rise. Check and fix the characterization errors, recharacterize the design, and rewrite the library.
ERROR (LIB-632): (write_library) : The library will be incomplete because only failing characterization results exist for cell=XOR2X1, pin=y, related_pin=b, timing_type=combinational, timing_sense=positive_unate, rise_transition. Check and fix the characterization errors, recharacterize the design, and rewrite the library.
Writing library to /home/TSMC/Desktop/UMC180/Designkits/Cadence_6.1/lowpower/liberate/example/liberate/LIBRARY/example_ccs.lib, started at Fri May 21 12:08:33 IST 2021
Writing .lib for cell AND2X1
Writing .lib for cell INVX1
Writing .lib for cell NAND2X1
Writing .lib for cell NOR2X1
Writing .lib for cell OR2X1
Writing .lib for cell XNOR2X1
Writing .lib for cell XOR2X1
LIBERATE parameter "ccsp_table_reduction" set to "1"
Number of passing cells = 3
Number of failing cells = 4
List of failing cells {AND2X1 INVX1 NAND2X1 XOR2X1}
Finished writing 7 cells to library /home/TSMC/Desktop/UMC180/Designkits/Cadence_6.1/lowpower/liberate/example/liberate/LIBRARY/example_ccs.lib at Fri May 21 12:08:33 IST 2021
LIBERATE parameter "write_sens_nochange" set to "1"
Writing library to /home/TSMC/Desktop/UMC180/Designkits/Cadence_6.1/lowpower/liberate/example/liberate/LIBRARY/example_ecsm.lib, started at Fri May 21 12:08:33 IST 2021
Writing .lib for cell AND2X1
Writing .lib for cell INVX1
Writing .lib for cell NAND2X1
Writing .lib for cell NOR2X1
Writing .lib for cell OR2X1
Writing .lib for cell XNOR2X1
Writing .lib for cell XOR2X1
Number of passing cells = 3
Number of failing cells = 4
List of failing cells {AND2X1 INVX1 NAND2X1 XOR2X1}
Finished writing 7 cells to library /home/TSMC/Desktop/UMC180/Designkits/Cadence_6.1/lowpower/liberate/example/liberate/LIBRARY/example_ecsm.lib at Fri May 21 12:08:34 IST 2021
Writing datasheet in text format to /home/TSMC/Desktop/UMC180/Designkits/Cadence_6.1/lowpower/liberate/example/liberate/DATASHEET/example.txt
Writing cell group AND2X1
Writing cell group INVX1
Writing cell group NAND2X1
Writing cell group NOR2X1
Writing cell group OR2X1
Writing cell group XNOR2X1
Writing cell group XOR2X1
Peak memory usage:          1.15 GB
Peak virtual memory usage:  1.07 GB
Peak physical memory usage: 0.09 GB
Wall time      :    0.09 hours (5 minutes 25 seconds)
LIBERATE exited on cad19 at Fri May 21 12:08:34 2021

