ROOT_DIR = /home/installs/LIBERATE192
exepath = /home/installs/LIBERATE192/tools/bin
Host : cad19 x86_64 Linux 2.6.32-696.el6.x86_64
LIBERATE Library Characterization Platform (x86_64) 
Release dev, compiled by vficcm on Tue Sep 10 06:33:00 PDT 2019


    ********************************************************************
    *   Copyright (c)  Cadence Design Systems, Inc.  2006 - 2021.      *
    *             All rights reserved.                                 *
    *                                                                  *
    *                                                                  *
    *                                                                  *
    * This program contains confidential and trade secret information  *
    * of Cadence Design Systems, Inc. and is protected by copyright    *
    * law and international treaties.  Any reproduction, use,          *
    * distribution or disclosure of this program or any portion of it, *
    * or any attempt to obtain a human-readable version of this        *
    * program, without the express, prior written consent of           *
    * Cadence Design Systems, Inc., is strictly prohibited.            *
    *                                                                  *
    *         Cadence Design Systems, Inc.                             *
    *           2655 Seely Avenue                                      *
    *           San Jose, CA 95134,  USA                               *
    *                                                                  *
    *                                                                  *
    ********************************************************************
    
    
    Copyright notices for Open Source and Third Party Tools used by this 
    software can be viewed at <cds_inst_dir>/doc/liberate/thirdpartyinfo/Notices.txt

LIBERATE started on cad19 at Sat May 22 19:25:24 2021

Command line arguments: 'tcl/char.tcl'.
ALTOSHOME set to '/home/installs/LIBERATE192'.
Server ID : T20210522192524118631S0021251
INFO: Process command line input:
INFO:
    SRC_DIR              = /home/TSMC/Desktop/UMC180/Designkits/Cadence_6.1/lowpower/liberate/run_char
    RUN_DIR              = /home/TSMC/Desktop/UMC180/Designkits/Cadence_6.1/lowpower/liberate/run_char
    LIBNAME              = example_tt_0.3_25
    PVT                  = tt_0.3_25
    SETTINGS_FILE        = /home/TSMC/Desktop/UMC180/Designkits/Cadence_6.1/lowpower/liberate/run_char/tcl/settings.tcl
    TEMPLATE_FILE        = /home/TSMC/Desktop/UMC180/Designkits/Cadence_6.1/lowpower/liberate/run_char/template/template.tcl
    MODEL_INCLUDE_FILE   = /home/TSMC/Desktop/UMC180/Designkits/Cadence_6.1/lowpower/liberate/run_char/models/spectre/umc
    NETLIST_DIR          = /home/TSMC/Desktop/UMC180/Designkits/Cadence_6.1/lowpower/liberate/run_char/netlist
    USERDATA             = /home/TSMC/Desktop/UMC180/Designkits/Cadence_6.1/lowpower/liberate/run_char/userdata/userdata.lib
    CELLS_FILE           = /home/TSMC/Desktop/UMC180/Designkits/Cadence_6.1/lowpower/liberate/run_char/cells.tcl

    THREAD               = 2
    CLIENTS              = 4

INFO: Set Operating Condition
INFO: Read settings file /home/TSMC/Desktop/UMC180/Designkits/Cadence_6.1/lowpower/liberate/run_char/tcl/settings.tcl
LIBERATE parameter "extsim_cmd_option" set to "+aps +spice -mt +liberate +rcopt=2"
LIBERATE parameter "extsim_deck_header" set to "simulator lang=spectre
Opt1 options reltol=1e-4 
simulator lang=spice"
LIBERATE parameter "extsim_option" set to "redefinedparams=ignore hier_ambiguity=lower limit=delta "
LIBERATE parameter "extsim_leakage_option" set to "redefinedparams=ignore hier_ambiguity=lower limit=delta "
LIBERATE parameter "extsim_exclusive" set to "1"
LIBERATE parameter "ski_enable" set to "1"
LIBERATE parameter "ski_clean_mode" set to "1"
LIBERATE parameter "ski_compatibility_mode" set to "1"
LIBERATE parameter "power_tend_match_tran" set to "1"
LIBERATE parameter "parse_auto_define_leafcell" set to "0"
LIBERATE parameter "tmpdir" set to "/dev/shm"
LIBERATE parameter "extsim_deck_dir" set to "/home/TSMC/Desktop/UMC180/Designkits/Cadence_6.1/lowpower/liberate/run_char/decks"
LIBERATE parameter "set_var_failure_action" set to "error"
LIBERATE parameter "predriver_waveform" set to "2"
LIBERATE parameter "min_capacitance_for_outputs" set to "1"
LIBERATE parameter "force_condition" set to "4"
LIBERATE parameter "constraint_info" set to "2"
LIBERATE parameter "nochange_mode" set to "1"
LIBERATE parameter "conditional_mpw" set to "0"
LIBERATE parameter "max_leakage_vector" set to "1024"
LIBERATE parameter "leakage_float_internal_supply" set to "0"
LIBERATE parameter "reset_negative_leakage_power" set to "1"
LIBERATE parameter "voltage_map" set to "1"
LIBERATE parameter "pin_based_power" set to "0"
LIBERATE parameter "power_combinational_include_output" set to "0"
LIBERATE parameter "force_default_group" set to "1"
LIBERATE parameter "default_unateness" set to "merge"
LIBERATE parameter "default_power" set to "avg"
LIBERATE parameter "power_subtract_leakage" set to "4"
LIBERATE parameter "subtract_hidden_power" set to "2"
LIBERATE parameter "subtract_hidden_power_use_default" set to "3"
LIBERATE parameter "power_multi_output_binning_mode" set to "1"
LIBERATE parameter "power_minimize_switching" set to "1"
LIBERATE parameter "max_hidden_vector" set to "1024"
LIBERATE parameter "ccsn_include_passgate_attr" set to "1"
LIBERATE parameter "ccsn_model_related_node_attr" set to "1"
LIBERATE parameter "ccsp_min_pts" set to "15"
LIBERATE parameter "ccsp_rel_tol" set to "0.01"
LIBERATE parameter "ccsp_table_reduction" set to "0"
LIBERATE parameter "ccsp_tail_tol" set to "0.02"
LIBERATE parameter "ccsp_related_pin_mode" set to "2"
LIBERATE parameter "write_library_is_unbuffered" set to "1"
LIBERATE parameter "cell_use_both_ff_latch_groups" set to "2"
LIBERATE parameter "user_data_override" set to " power_down_function pg_pin input_signal_level output_signal_level "
LIBERATE parameter "sdf_cond_style" set to "1"
LIBERATE parameter "parenthesize_not" set to "0"
LIBERATE parameter "driver_type_model_pad_check" set to "1"
LIBERATE parameter "ccsn_print_is_needed_if_false_attr_value" set to "1"
LIBERATE parameter "default_constraint" set to "off"
LIBERATE parameter "write_library_allow_switching_and_hidden_power" set to "1"
INFO: Read template file /home/TSMC/Desktop/UMC180/Designkits/Cadence_6.1/lowpower/liberate/run_char/template/template.tcl
*Warning* (set_vdd) : Vdd supply vdd has already been set, overriding previous value to 0.3
*Warning* (set_gnd) : Gnd supply gnd has already been set, overriding previous value to 0
*Warning* (set_gnd) : Gnd supply gnd has already been set, overriding previous value to 0
LIBERATE parameter "slew_lower_rise" set to "0.2"
LIBERATE parameter "slew_lower_fall" set to "0.2"
LIBERATE parameter "slew_upper_rise" set to "0.8"
LIBERATE parameter "slew_upper_fall" set to "0.8"
LIBERATE parameter "measure_slew_lower_rise" set to "0.2"
LIBERATE parameter "measure_slew_lower_fall" set to "0.2"
LIBERATE parameter "measure_slew_upper_rise" set to "0.8"
LIBERATE parameter "measure_slew_upper_fall" set to "0.8"
LIBERATE parameter "delay_inp_rise" set to "0.5"
LIBERATE parameter "delay_inp_fall" set to "0.5"
LIBERATE parameter "delay_out_rise" set to "0.5"
LIBERATE parameter "delay_out_fall" set to "0.5"
LIBERATE parameter "def_arc_msg_level" set to "0"
LIBERATE parameter "process_match_pins_to_ports" set to "1"
LIBERATE parameter "min_transition" set to "6e-12"
LIBERATE parameter "max_transition" set to "2e-07"
LIBERATE parameter "min_output_cap" set to "1e-16"
*Warning* (define_cell) : Template 'delay_template' in cell 'INVX1' has not been defined.  It will be ignored.
*Warning* (define_cell) : Template 'power_template' in cell 'INVX1' has not been defined.  It will be ignored.
*Warning* (define_cell) : Template 'passive_power_template' in cell 'INVX1' has not been defined.  It will be ignored.
*Warning* (define_cell) : Template 'delay_template' in cell 'AND2X1' has not been defined.  It will be ignored.
*Warning* (define_cell) : Template 'power_template' in cell 'AND2X1' has not been defined.  It will be ignored.
*Warning* (define_cell) : Template 'passive_power_template' in cell 'AND2X1' has not been defined.  It will be ignored.
*Warning* (define_cell) : Template 'delay_template' in cell 'NAND2X1' has not been defined.  It will be ignored.
*Warning* (define_cell) : Template 'power_template' in cell 'NAND2X1' has not been defined.  It will be ignored.
*Warning* (define_cell) : Template 'passive_power_template' in cell 'NAND2X1' has not been defined.  It will be ignored.
*Warning* (define_cell) : Template 'delay_template' in cell 'OR2X1' has not been defined.  It will be ignored.
*Warning* (define_cell) : Template 'power_template' in cell 'OR2X1' has not been defined.  It will be ignored.
*Warning* (define_cell) : Template 'passive_power_template' in cell 'OR2X1' has not been defined.  It will be ignored.
*Warning* (define_cell) : Template 'delay_template' in cell 'NOR2X1' has not been defined.  It will be ignored.
*Warning* (define_cell) : Template 'power_template' in cell 'NOR2X1' has not been defined.  It will be ignored.
*Warning* (define_cell) : Template 'passive_power_template' in cell 'NOR2X1' has not been defined.  It will be ignored.
INFO: Read cell list file
INFO: Define device models (spectre, define_leafcell).
LIBERATE parameter "extsim_model_include" set to "/home/TSMC/Desktop/UMC180/Designkits/Cadence_6.1/lowpower/liberate/run_char/models/spectre/umc"
INFO: Read cell netlist 
INFO (LIB-511): (define_leafcell): Leafcell 'n_18_mm' (instance) has been identified with pin_position (0 1 2 3) mapped to (D G S B).
INFO (LIB-511): (define_leafcell): Leafcell 'p_18_mm' (instance) has been identified with pin_position (0 1 2 3) mapped to (D G S B).
INFO: Run Characterization
LIBERATE parameter "simulator" set to "spectre"
LIBERATE parameter "char_library_skip_var_list" set to ""
Start Characterizing Library at (Sat May 22 19:25:26 IST 2021)

*Info* Removing all types
*Info* Max Shared Memory Segments : 4096
*Info* No Shared Memory Segments
*Info* Max Semaphore Arrays : 128
*Info* Max Message Queues : 7577
*Info* No Message Queues
*Info* No Zombie Processes
INFO (LIB-956): (read_spice): Reading file: '/home/TSMC/Desktop/UMC180/Designkits/Cadence_6.1/lowpower/liberate/run_char/models/spectre/umc'.
INFO (LIB-956): (read_spice): Reading file: '/home/TSMC/Desktop/UMC180/Designkits/Cadence_6.1/lowpower/liberate/run_char/netlist/INVX1.sp'.
INFO (LIB-956): (read_spice): Reading file: '/home/TSMC/Desktop/UMC180/Designkits/Cadence_6.1/lowpower/liberate/run_char/netlist/AND2X1.sp'.
INFO (LIB-956): (read_spice): Reading file: '/home/TSMC/Desktop/UMC180/Designkits/Cadence_6.1/lowpower/liberate/run_char/netlist/NAND2X1.sp'.
INFO (LIB-956): (read_spice): Reading file: '/home/TSMC/Desktop/UMC180/Designkits/Cadence_6.1/lowpower/liberate/run_char/netlist/OR2X1.sp'.
INFO (LIB-956): (read_spice): Reading file: '/home/TSMC/Desktop/UMC180/Designkits/Cadence_6.1/lowpower/liberate/run_char/netlist/NOR2X1.sp'.
INFO (LIB-943): Finished reading netlist(s) at May 22 19:25:27.
INFO (LIB-711): Feature 'Virtuoso_Multi_mode_Simulation' exists in the license pool. The parameter 'spectre_use_mmsim_token_license' will be set to '1'.
INFO (LIB-1008): (char_library): This LIBERATE release was qualified with MMSIM version '' but newer version '19.1.0.396.isr8' was detected. If MMSIM-related issues are found, update to the qualified MMSIM version and re-run.
*Info* (char_library) : SKI process child signal handler enabled.

LIBERATE parameter "ccsp_unateness_infer_mode" set to "1"
INFO (LIB-966): Using Spectre version 19.1.0.396.isr8 located at: /home/installs/SPECTRE191/tools/bin/spectre.
*Info* Use temporary directory '/dev/shm'.

*Info* : Initializing SKI environment...
Initializing Spice
*Info* Adding 10 global models to Spice.
Building library database
Processing cell: AND2X1
(May 22 19:25:27) Finish building module.
WARNING (LIB-97): (char_library): Only leakage and pin capacitance has been characterized for cell 'AND2X1' because it does not have a template. Specify one or more templates in the 'define_cell' command (see -delay, -power, -constraint, -mpw) and rerun.
*Info* (char_library) : Cell AND2X1 found in file /home/TSMC/Desktop/UMC180/Designkits/Cadence_6.1/lowpower/liberate/run_char/netlist/AND2X1.sp
WARNING (LIB-306): (char_library): A template is not defined for table type 'cell_rise' in cell 'AND2X1'. This will result in a missing arc. Define this template with a define_template -type 'cell_rise' statement and rerun Liberate.
WARNING (LIB-306): (char_library): A template is not defined for table type 'rise_transition' in cell 'AND2X1'. This will result in a missing arc. Define this template with a define_template -type 'rise_transition' statement and rerun Liberate.
WARNING (LIB-306): (char_library): A template is not defined for table type 'rise_power' in cell 'AND2X1'. This will result in a missing arc. Define this template with a define_template -type 'rise_power' statement and rerun Liberate.
WARNING (LIB-306): (char_library): A template is not defined for table type 'cell_fall' in cell 'AND2X1'. This will result in a missing arc. Define this template with a define_template -type 'cell_fall' statement and rerun Liberate.
WARNING (LIB-306): (char_library): A template is not defined for table type 'fall_transition' in cell 'AND2X1'. This will result in a missing arc. Define this template with a define_template -type 'fall_transition' statement and rerun Liberate.
WARNING (LIB-306): (char_library): A template is not defined for table type 'fall_power' in cell 'AND2X1'. This will result in a missing arc. Define this template with a define_template -type 'fall_power' statement and rerun Liberate.
WARNING (LIB-306): (char_library): A template is not defined for table type 'cell_rise' in cell 'AND2X1'. This will result in a missing arc. Define this template with a define_template -type 'cell_rise' statement and rerun Liberate.
WARNING (LIB-306): (char_library): A template is not defined for table type 'rise_transition' in cell 'AND2X1'. This will result in a missing arc. Define this template with a define_template -type 'rise_transition' statement and rerun Liberate.
WARNING (LIB-306): (char_library): A template is not defined for table type 'rise_power' in cell 'AND2X1'. This will result in a missing arc. Define this template with a define_template -type 'rise_power' statement and rerun Liberate.
WARNING (LIB-306): (char_library): A template is not defined for table type 'cell_fall' in cell 'AND2X1'. This will result in a missing arc. Define this template with a define_template -type 'cell_fall' statement and rerun Liberate.
WARNING (LIB-306): (char_library): A template is not defined for table type 'fall_transition' in cell 'AND2X1'. This will result in a missing arc. Define this template with a define_template -type 'fall_transition' statement and rerun Liberate.
WARNING (LIB-306): (char_library): A template is not defined for table type 'fall_power' in cell 'AND2X1'. This will result in a missing arc. Define this template with a define_template -type 'fall_power' statement and rerun Liberate.
Processing cell: INVX1
(May 22 19:25:28) Finish building module.
WARNING (LIB-97): (char_library): Only leakage and pin capacitance has been characterized for cell 'INVX1' because it does not have a template. Specify one or more templates in the 'define_cell' command (see -delay, -power, -constraint, -mpw) and rerun.
*Info* (char_library) : Cell INVX1 found in file /home/TSMC/Desktop/UMC180/Designkits/Cadence_6.1/lowpower/liberate/run_char/netlist/INVX1.sp
WARNING (LIB-306): (char_library): A template is not defined for table type 'cell_rise' in cell 'INVX1'. This will result in a missing arc. Define this template with a define_template -type 'cell_rise' statement and rerun Liberate.
WARNING (LIB-306): (char_library): A template is not defined for table type 'rise_transition' in cell 'INVX1'. This will result in a missing arc. Define this template with a define_template -type 'rise_transition' statement and rerun Liberate.
WARNING (LIB-306): (char_library): A template is not defined for table type 'rise_power' in cell 'INVX1'. This will result in a missing arc. Define this template with a define_template -type 'rise_power' statement and rerun Liberate.
WARNING (LIB-306): (char_library): A template is not defined for table type 'cell_fall' in cell 'INVX1'. This will result in a missing arc. Define this template with a define_template -type 'cell_fall' statement and rerun Liberate.
WARNING (LIB-306): (char_library): A template is not defined for table type 'fall_transition' in cell 'INVX1'. This will result in a missing arc. Define this template with a define_template -type 'fall_transition' statement and rerun Liberate.
WARNING (LIB-306): (char_library): A template is not defined for table type 'fall_power' in cell 'INVX1'. This will result in a missing arc. Define this template with a define_template -type 'fall_power' statement and rerun Liberate.
Processing cell: NAND2X1
(May 22 19:25:28) Finish building module.
WARNING (LIB-97): (char_library): Only leakage and pin capacitance has been characterized for cell 'NAND2X1' because it does not have a template. Specify one or more templates in the 'define_cell' command (see -delay, -power, -constraint, -mpw) and rerun.
*Info* (char_library) : Cell NAND2X1 found in file /home/TSMC/Desktop/UMC180/Designkits/Cadence_6.1/lowpower/liberate/run_char/netlist/NAND2X1.sp
WARNING (LIB-306): (char_library): A template is not defined for table type 'cell_rise' in cell 'NAND2X1'. This will result in a missing arc. Define this template with a define_template -type 'cell_rise' statement and rerun Liberate.
WARNING (LIB-306): (char_library): A template is not defined for table type 'rise_transition' in cell 'NAND2X1'. This will result in a missing arc. Define this template with a define_template -type 'rise_transition' statement and rerun Liberate.
WARNING (LIB-306): (char_library): A template is not defined for table type 'rise_power' in cell 'NAND2X1'. This will result in a missing arc. Define this template with a define_template -type 'rise_power' statement and rerun Liberate.
WARNING (LIB-306): (char_library): A template is not defined for table type 'cell_fall' in cell 'NAND2X1'. This will result in a missing arc. Define this template with a define_template -type 'cell_fall' statement and rerun Liberate.
WARNING (LIB-306): (char_library): A template is not defined for table type 'fall_transition' in cell 'NAND2X1'. This will result in a missing arc. Define this template with a define_template -type 'fall_transition' statement and rerun Liberate.
WARNING (LIB-306): (char_library): A template is not defined for table type 'fall_power' in cell 'NAND2X1'. This will result in a missing arc. Define this template with a define_template -type 'fall_power' statement and rerun Liberate.
WARNING (LIB-306): (char_library): A template is not defined for table type 'cell_rise' in cell 'NAND2X1'. This will result in a missing arc. Define this template with a define_template -type 'cell_rise' statement and rerun Liberate.
WARNING (LIB-306): (char_library): A template is not defined for table type 'rise_transition' in cell 'NAND2X1'. This will result in a missing arc. Define this template with a define_template -type 'rise_transition' statement and rerun Liberate.
WARNING (LIB-306): (char_library): A template is not defined for table type 'rise_power' in cell 'NAND2X1'. This will result in a missing arc. Define this template with a define_template -type 'rise_power' statement and rerun Liberate.
WARNING (LIB-306): (char_library): A template is not defined for table type 'cell_fall' in cell 'NAND2X1'. This will result in a missing arc. Define this template with a define_template -type 'cell_fall' statement and rerun Liberate.
WARNING (LIB-306): (char_library): A template is not defined for table type 'fall_transition' in cell 'NAND2X1'. This will result in a missing arc. Define this template with a define_template -type 'fall_transition' statement and rerun Liberate.
WARNING (LIB-306): (char_library): A template is not defined for table type 'fall_power' in cell 'NAND2X1'. This will result in a missing arc. Define this template with a define_template -type 'fall_power' statement and rerun Liberate.
Processing cell: NOR2X1
(May 22 19:25:28) Finish building module.
WARNING (LIB-97): (char_library): Only leakage and pin capacitance has been characterized for cell 'NOR2X1' because it does not have a template. Specify one or more templates in the 'define_cell' command (see -delay, -power, -constraint, -mpw) and rerun.
*Info* (char_library) : Cell NOR2X1 found in file /home/TSMC/Desktop/UMC180/Designkits/Cadence_6.1/lowpower/liberate/run_char/netlist/NOR2X1.sp
WARNING (LIB-306): (char_library): A template is not defined for table type 'cell_rise' in cell 'NOR2X1'. This will result in a missing arc. Define this template with a define_template -type 'cell_rise' statement and rerun Liberate.
WARNING (LIB-306): (char_library): A template is not defined for table type 'rise_transition' in cell 'NOR2X1'. This will result in a missing arc. Define this template with a define_template -type 'rise_transition' statement and rerun Liberate.
WARNING (LIB-306): (char_library): A template is not defined for table type 'rise_power' in cell 'NOR2X1'. This will result in a missing arc. Define this template with a define_template -type 'rise_power' statement and rerun Liberate.
WARNING (LIB-306): (char_library): A template is not defined for table type 'cell_fall' in cell 'NOR2X1'. This will result in a missing arc. Define this template with a define_template -type 'cell_fall' statement and rerun Liberate.
WARNING (LIB-306): (char_library): A template is not defined for table type 'fall_transition' in cell 'NOR2X1'. This will result in a missing arc. Define this template with a define_template -type 'fall_transition' statement and rerun Liberate.
WARNING (LIB-306): (char_library): A template is not defined for table type 'fall_power' in cell 'NOR2X1'. This will result in a missing arc. Define this template with a define_template -type 'fall_power' statement and rerun Liberate.
WARNING (LIB-306): (char_library): A template is not defined for table type 'cell_rise' in cell 'NOR2X1'. This will result in a missing arc. Define this template with a define_template -type 'cell_rise' statement and rerun Liberate.
WARNING (LIB-306): (char_library): A template is not defined for table type 'rise_transition' in cell 'NOR2X1'. This will result in a missing arc. Define this template with a define_template -type 'rise_transition' statement and rerun Liberate.
WARNING (LIB-306): (char_library): A template is not defined for table type 'rise_power' in cell 'NOR2X1'. This will result in a missing arc. Define this template with a define_template -type 'rise_power' statement and rerun Liberate.
WARNING (LIB-306): (char_library): A template is not defined for table type 'cell_fall' in cell 'NOR2X1'. This will result in a missing arc. Define this template with a define_template -type 'cell_fall' statement and rerun Liberate.
WARNING (LIB-306): (char_library): A template is not defined for table type 'fall_transition' in cell 'NOR2X1'. This will result in a missing arc. Define this template with a define_template -type 'fall_transition' statement and rerun Liberate.
WARNING (LIB-306): (char_library): A template is not defined for table type 'fall_power' in cell 'NOR2X1'. This will result in a missing arc. Define this template with a define_template -type 'fall_power' statement and rerun Liberate.
Processing cell: OR2X1
(May 22 19:25:28) Finish building module.
WARNING (LIB-97): (char_library): Only leakage and pin capacitance has been characterized for cell 'OR2X1' because it does not have a template. Specify one or more templates in the 'define_cell' command (see -delay, -power, -constraint, -mpw) and rerun.
*Info* (char_library) : Cell OR2X1 found in file /home/TSMC/Desktop/UMC180/Designkits/Cadence_6.1/lowpower/liberate/run_char/netlist/OR2X1.sp
WARNING (LIB-306): (char_library): A template is not defined for table type 'cell_rise' in cell 'OR2X1'. This will result in a missing arc. Define this template with a define_template -type 'cell_rise' statement and rerun Liberate.
WARNING (LIB-306): (char_library): A template is not defined for table type 'rise_transition' in cell 'OR2X1'. This will result in a missing arc. Define this template with a define_template -type 'rise_transition' statement and rerun Liberate.
WARNING (LIB-306): (char_library): A template is not defined for table type 'rise_power' in cell 'OR2X1'. This will result in a missing arc. Define this template with a define_template -type 'rise_power' statement and rerun Liberate.
WARNING (LIB-306): (char_library): A template is not defined for table type 'cell_fall' in cell 'OR2X1'. This will result in a missing arc. Define this template with a define_template -type 'cell_fall' statement and rerun Liberate.
WARNING (LIB-306): (char_library): A template is not defined for table type 'fall_transition' in cell 'OR2X1'. This will result in a missing arc. Define this template with a define_template -type 'fall_transition' statement and rerun Liberate.
WARNING (LIB-306): (char_library): A template is not defined for table type 'fall_power' in cell 'OR2X1'. This will result in a missing arc. Define this template with a define_template -type 'fall_power' statement and rerun Liberate.
WARNING (LIB-306): (char_library): A template is not defined for table type 'cell_rise' in cell 'OR2X1'. This will result in a missing arc. Define this template with a define_template -type 'cell_rise' statement and rerun Liberate.
WARNING (LIB-306): (char_library): A template is not defined for table type 'rise_transition' in cell 'OR2X1'. This will result in a missing arc. Define this template with a define_template -type 'rise_transition' statement and rerun Liberate.
WARNING (LIB-306): (char_library): A template is not defined for table type 'rise_power' in cell 'OR2X1'. This will result in a missing arc. Define this template with a define_template -type 'rise_power' statement and rerun Liberate.
WARNING (LIB-306): (char_library): A template is not defined for table type 'cell_fall' in cell 'OR2X1'. This will result in a missing arc. Define this template with a define_template -type 'cell_fall' statement and rerun Liberate.
WARNING (LIB-306): (char_library): A template is not defined for table type 'fall_transition' in cell 'OR2X1'. This will result in a missing arc. Define this template with a define_template -type 'fall_transition' statement and rerun Liberate.
WARNING (LIB-306): (char_library): A template is not defined for table type 'fall_power' in cell 'OR2X1'. This will result in a missing arc. Define this template with a define_template -type 'fall_power' statement and rerun Liberate.
*Info* (char_library) : Cell AND2X1 found in file /home/TSMC/Desktop/UMC180/Designkits/Cadence_6.1/lowpower/liberate/run_char/netlist/AND2X1.sp
*Info* (char_library) : Cell INVX1 found in file /home/TSMC/Desktop/UMC180/Designkits/Cadence_6.1/lowpower/liberate/run_char/netlist/INVX1.sp
*Info* (char_library) : Cell NAND2X1 found in file /home/TSMC/Desktop/UMC180/Designkits/Cadence_6.1/lowpower/liberate/run_char/netlist/NAND2X1.sp
*Info* (char_library) : Cell NOR2X1 found in file /home/TSMC/Desktop/UMC180/Designkits/Cadence_6.1/lowpower/liberate/run_char/netlist/NOR2X1.sp
*Info* (char_library) : Cell OR2X1 found in file /home/TSMC/Desktop/UMC180/Designkits/Cadence_6.1/lowpower/liberate/run_char/netlist/OR2X1.sp
---------- Entering compute template index ------------ May 22 19:25:28
May 22 19:25:28 Determining template indices...
(May 22 19:25:28) Begin of pre-driver matching trans.
(May 22 19:25:28) End of pre-driver matching trans.

Minimum transition index for the library: 6e-12 sec
Maximum transition index for the library: 2e-07 sec
Minimum output capacitance index for the library: 1e-16 F
May 22 19:25:40 Autoindex finished.
---------- Exiting compute template index ------------ May 22 19:25:40
  MEM=487 MB
  MEM=487 MB
(May 22 19:25:40) Generating vectors: AND2X1
(May 22 19:25:40) Generating vectors: INVX1
(May 22 19:25:40) Generating vectors: NAND2X1
(May 22 19:25:40) Generating vectors: NOR2X1
(May 22 19:25:40) Generating vectors: OR2X1
  MEM=488 MB
(May 22 19:25:40) Begin of pre-driver matching trans.
Generating CCST predriver for 1 unique input transition times .
(May 22 19:25:40) End of pre-driver matching trans.

May 22 19:25:40 Thread 3: Cell=OR2X1 (0%)       Pin=     Related=     combinational  leakage_power  
May 22 19:25:40 Thread 1: Cell=OR2X1 (0%)       Pin=     Related=     combinational  leakage_power  
May 22 19:25:50 Thread 0: Cell=OR2X1 (0%)       Pin=     Related=     combinational  leakage_power  
May 22 19:25:50 Thread 2: Cell=OR2X1 (0%)       Pin=     Related=     combinational  leakage_power  
